TN:
SF:src/app.js
FN:37,(anonymous_0)
FN:47,(anonymous_1)
FNF:2
FNH:2
FNDA:320,(anonymous_0)
FNDA:1,(anonymous_1)
DA:34,13
DA:36,13
DA:37,320
DA:38,13
DA:39,13
DA:40,13
DA:41,13
DA:43,13
DA:44,13
DA:45,13
DA:47,13
DA:49,13
DA:50,13
DA:51,13
DA:52,13
DA:53,13
DA:54,13
DA:55,13
DA:56,13
DA:57,13
DA:58,13
DA:59,13
DA:60,13
DA:61,13
DA:62,13
DA:63,13
DA:64,13
DA:65,13
DA:66,13
DA:67,13
DA:68,13
DA:69,13
DA:70,13
DA:71,13
DA:72,13
DA:73,13
DA:74,13
DA:76,13
DA:77,13
LF:39
LH:39
BRDA:37,0,0,320
BRDA:37,0,1,0
BRDA:37,1,0,320
BRDA:37,1,1,0
BRDA:39,2,0,0
BRDA:39,2,1,13
BRDA:44,3,0,13
BRDA:44,3,1,0
BRDA:45,4,0,13
BRDA:45,4,1,0
BRF:10
BRH:5
end_of_record
TN:
SF:src/config/database.js
FN:3,(anonymous_0)
FNF:1
FNH:0
FNDA:0,(anonymous_0)
DA:3,0
DA:4,0
DA:5,0
DA:6,0
DA:8,0
DA:9,0
LF:6
LH:0
BRDA:5,0,0,0
BRDA:5,0,1,0
BRF:2
BRH:0
end_of_record
TN:
SF:src/controllers/activityLog.controller.js
FN:3,(anonymous_0)
FN:37,(anonymous_1)
FNF:2
FNH:1
FNDA:1,(anonymous_0)
FNDA:0,(anonymous_1)
DA:3,13
DA:4,1
DA:5,1
DA:6,1
DA:8,1
DA:9,1
DA:10,1
DA:11,1
DA:13,1
DA:14,1
DA:16,1
DA:22,1
DA:33,0
DA:37,13
DA:38,0
DA:39,0
LF:16
LH:13
BRDA:5,0,0,1
BRDA:5,0,1,0
BRDA:6,1,0,1
BRDA:6,2,0,1
BRDA:9,3,0,0
BRDA:9,3,1,1
BRDA:10,4,0,0
BRDA:10,4,1,1
BRDA:11,5,0,0
BRDA:11,5,1,1
BRF:10
BRH:6
end_of_record
TN:
SF:src/controllers/ai.controller.js
FN:14,(anonymous_0)
FN:40,(anonymous_1)
FN:45,(anonymous_2)
FN:70,(anonymous_3)
FN:93,(anonymous_4)
FN:107,(anonymous_5)
FN:121,(anonymous_6)
FN:148,(anonymous_7)
FN:155,(anonymous_8)
FN:160,(anonymous_9)
FN:166,(anonymous_10)
FN:178,(anonymous_11)
FN:184,(anonymous_12)
FN:191,(anonymous_13)
FN:197,(anonymous_14)
FN:204,(anonymous_15)
FN:211,(anonymous_16)
FNF:17
FNH:0
FNDA:0,(anonymous_0)
FNDA:0,(anonymous_1)
FNDA:0,(anonymous_2)
FNDA:0,(anonymous_3)
FNDA:0,(anonymous_4)
FNDA:0,(anonymous_5)
FNDA:0,(anonymous_6)
FNDA:0,(anonymous_7)
FNDA:0,(anonymous_8)
FNDA:0,(anonymous_9)
FNDA:0,(anonymous_10)
FNDA:0,(anonymous_11)
FNDA:0,(anonymous_12)
FNDA:0,(anonymous_13)
FNDA:0,(anonymous_14)
FNDA:0,(anonymous_15)
FNDA:0,(anonymous_16)
DA:14,13
DA:15,0
DA:16,0
DA:17,0
DA:18,0
DA:19,0
DA:21,0
DA:24,0
DA:27,0
DA:30,0
DA:31,0
DA:32,0
DA:34,0
DA:38,0
DA:39,0
DA:40,0
DA:41,0
DA:42,0
DA:43,0
DA:45,0
DA:50,0
DA:51,0
DA:53,0
DA:69,0
DA:70,0
DA:71,0
DA:75,0
DA:76,0
DA:78,0
DA:79,0
DA:90,0
DA:91,0
DA:92,0
DA:93,0
DA:95,0
DA:107,0
DA:114,0
DA:117,0
DA:121,0
DA:122,0
DA:124,0
DA:126,0
DA:128,0
DA:130,0
DA:141,0
DA:142,0
DA:144,0
DA:148,13
DA:149,0
DA:150,0
DA:151,0
DA:153,0
DA:154,0
DA:155,0
DA:157,0
DA:159,0
DA:160,0
DA:162,0
DA:163,0
DA:164,0
DA:165,0
DA:166,0
DA:167,0
DA:168,0
DA:169,0
DA:174,0
DA:175,0
DA:178,13
DA:179,0
DA:180,0
DA:181,0
DA:183,0
DA:184,0
DA:185,0
DA:187,0
DA:188,0
DA:191,13
DA:192,0
DA:193,0
DA:194,0
DA:196,0
DA:197,0
DA:198,0
DA:200,0
DA:201,0
DA:204,13
DA:205,0
DA:206,0
DA:207,0
DA:208,0
DA:210,0
DA:211,0
DA:212,0
DA:215,0
DA:216,0
DA:217,0
DA:218,0
DA:224,0
DA:225,0
DA:228,0
DA:229,0
DA:231,0
DA:232,0
LF:103
LH:5
BRDA:19,0,0,0
BRDA:19,0,1,0
BRDA:21,1,0,0
BRDA:21,1,1,0
BRDA:31,2,0,0
BRDA:31,2,1,0
BRDA:31,3,0,0
BRDA:31,3,1,0
BRDA:38,4,0,0
BRDA:38,4,1,0
BRDA:40,5,0,0
BRDA:40,5,1,0
BRDA:42,6,0,0
BRDA:42,6,1,0
BRDA:51,7,0,0
BRDA:51,7,1,0
BRDA:59,8,0,0
BRDA:59,8,1,0
BRDA:69,9,0,0
BRDA:69,9,1,0
BRDA:70,10,0,0
BRDA:70,10,1,0
BRDA:83,11,0,0
BRDA:83,11,1,0
BRDA:91,12,0,0
BRDA:91,12,1,0
BRDA:93,13,0,0
BRDA:93,13,1,0
BRDA:100,14,0,0
BRDA:100,14,1,0
BRDA:101,15,0,0
BRDA:101,15,1,0
BRDA:102,16,0,0
BRDA:102,16,1,0
BRDA:105,17,0,0
BRDA:105,17,1,0
BRDA:106,18,0,0
BRDA:106,18,1,0
BRDA:107,19,0,0
BRDA:107,19,1,0
BRDA:108,20,0,0
BRDA:108,20,1,0
BRDA:111,21,0,0
BRDA:111,21,1,0
BRDA:151,22,0,0
BRDA:151,22,1,0
BRDA:153,23,0,0
BRDA:153,23,1,0
BRDA:157,24,0,0
BRDA:157,24,1,0
BRDA:165,25,0,0
BRDA:165,25,1,0
BRDA:167,26,0,0
BRDA:167,26,1,0
BRDA:181,27,0,0
BRDA:181,27,1,0
BRDA:194,28,0,0
BRDA:194,28,1,0
BRDA:208,29,0,0
BRDA:208,29,1,0
BRDA:212,30,0,0
BRDA:212,30,1,0
BRDA:215,31,0,0
BRDA:215,31,1,0
BRDA:217,32,0,0
BRDA:217,32,1,0
BRDA:224,33,0,0
BRDA:224,33,1,0
BRDA:228,34,0,0
BRDA:228,34,1,0
BRF:70
BRH:0
end_of_record
TN:
SF:src/controllers/auth.controller.js
FN:14,(anonymous_0)
FN:18,(anonymous_1)
FN:27,(anonymous_2)
FN:30,(anonymous_3)
FN:38,(anonymous_4)
FN:57,(anonymous_5)
FN:72,(anonymous_6)
FN:93,(anonymous_7)
FN:102,(anonymous_8)
FN:133,(anonymous_9)
FN:146,(anonymous_10)
FN:187,(anonymous_11)
FN:204,(anonymous_12)
FN:214,(anonymous_13)
FN:230,(anonymous_14)
FN:242,(anonymous_15)
FN:257,(anonymous_16)
FN:297,(anonymous_17)
FN:308,(anonymous_18)
FN:332,(anonymous_19)
FNF:20
FNH:9
FNDA:88,(anonymous_0)
FNDA:85,(anonymous_1)
FNDA:425,(anonymous_2)
FNDA:91,(anonymous_3)
FNDA:92,(anonymous_4)
FNDA:85,(anonymous_5)
FNDA:5,(anonymous_6)
FNDA:1,(anonymous_7)
FNDA:0,(anonymous_8)
FNDA:0,(anonymous_9)
FNDA:0,(anonymous_10)
FNDA:2,(anonymous_11)
FNDA:0,(anonymous_12)
FNDA:0,(anonymous_13)
FNDA:0,(anonymous_14)
FNDA:0,(anonymous_15)
FNDA:0,(anonymous_16)
FNDA:0,(anonymous_17)
FNDA:0,(anonymous_18)
FNDA:0,(anonymous_19)
DA:12,13
DA:14,88
DA:18,13
DA:19,85
DA:27,425
DA:30,13
DA:31,91
DA:32,90
DA:33,89
DA:34,88
DA:35,87
DA:38,13
DA:39,92
DA:40,92
DA:43,92
DA:46,91
DA:47,91
DA:49,87
DA:50,87
DA:52,86
DA:53,86
DA:55,85
DA:56,85
DA:57,85
DA:59,85
DA:61,85
DA:63,85
DA:64,85
DA:66,85
DA:68,0
DA:72,13
DA:73,5
DA:74,5
DA:75,5
DA:77,5
DA:78,5
DA:79,2
DA:82,3
DA:84,3
DA:85,3
DA:87,3
DA:89,0
DA:93,13
DA:94,1
DA:95,1
DA:96,1
DA:98,0
DA:102,13
DA:103,0
DA:104,0
DA:105,0
DA:107,0
DA:108,0
DA:111,0
DA:113,0
DA:114,0
DA:116,0
DA:124,0
DA:125,0
DA:127,0
DA:129,0
DA:133,13
DA:134,0
DA:135,0
DA:136,0
DA:137,0
DA:138,0
DA:140,0
DA:142,0
DA:146,13
DA:147,0
DA:148,0
DA:149,0
DA:150,0
DA:151,0
DA:153,0
DA:154,0
DA:155,0
DA:157,0
DA:158,0
DA:161,0
DA:162,0
DA:164,0
DA:174,0
DA:175,0
DA:176,0
DA:178,0
DA:179,0
DA:181,0
DA:183,0
DA:187,13
DA:188,2
DA:189,2
DA:190,2
DA:191,2
DA:192,2
DA:193,2
DA:194,2
DA:195,2
DA:196,1
DA:197,1
DA:198,1
DA:199,0
DA:204,13
DA:205,0
DA:206,0
DA:207,0
DA:208,0
DA:209,0
DA:210,0
DA:211,0
DA:214,13
DA:215,0
DA:216,0
DA:217,0
DA:218,0
DA:219,0
DA:221,0
DA:222,0
DA:224,0
DA:225,0
DA:226,0
DA:227,0
DA:230,13
DA:231,0
DA:232,0
DA:233,0
DA:234,0
DA:235,0
DA:237,0
DA:238,0
DA:240,0
DA:241,0
DA:242,0
DA:243,0
DA:246,0
DA:247,0
DA:249,0
DA:250,0
DA:251,0
DA:252,0
DA:257,13
DA:258,0
DA:259,0
DA:260,0
DA:261,0
DA:262,0
DA:265,0
DA:276,0
DA:277,0
DA:278,0
DA:281,0
DA:284,0
DA:285,0
DA:286,0
DA:288,0
DA:289,0
DA:290,0
DA:291,0
DA:292,0
DA:295,0
DA:296,0
DA:297,0
DA:298,0
DA:299,0
DA:300,0
DA:302,0
DA:303,0
DA:304,0
DA:305,0
DA:308,13
DA:309,0
DA:310,0
DA:311,0
DA:314,0
DA:317,0
DA:318,0
DA:319,0
DA:322,0
DA:323,0
DA:324,0
DA:325,0
DA:326,0
DA:330,0
DA:331,0
DA:332,0
DA:333,0
DA:334,0
DA:335,0
DA:337,0
DA:338,0
DA:339,0
DA:340,0
LF:193
LH:64
BRDA:14,0,0,88
BRDA:14,0,1,88
BRDA:15,1,0,88
BRDA:15,1,1,88
BRDA:31,2,0,1
BRDA:31,2,1,90
BRDA:31,3,0,91
BRDA:31,3,1,91
BRDA:32,4,0,1
BRDA:32,4,1,89
BRDA:33,5,0,1
BRDA:33,5,1,88
BRDA:34,6,0,1
BRDA:34,6,1,87
BRDA:43,7,0,1
BRDA:43,7,1,91
BRDA:47,8,0,4
BRDA:47,8,1,87
BRDA:49,9,0,0
BRDA:49,9,1,87
BRDA:50,10,0,1
BRDA:50,10,1,86
BRDA:53,11,0,1
BRDA:53,11,1,85
BRDA:55,12,0,85
BRDA:55,12,1,1
BRDA:55,13,0,85
BRDA:55,13,1,85
BRDA:75,14,0,0
BRDA:75,14,1,5
BRDA:75,15,0,5
BRDA:75,15,1,5
BRDA:78,16,0,2
BRDA:78,16,1,3
BRDA:78,17,0,5
BRDA:78,17,1,4
BRDA:105,18,0,0
BRDA:105,18,1,0
BRDA:108,19,0,0
BRDA:108,19,1,0
BRDA:124,20,0,0
BRDA:124,20,1,0
BRDA:137,21,0,0
BRDA:137,21,1,0
BRDA:138,22,0,0
BRDA:138,22,1,0
BRDA:150,23,0,0
BRDA:150,23,1,0
BRDA:150,24,0,0
BRDA:150,24,1,0
BRDA:151,25,0,0
BRDA:151,25,1,0
BRDA:154,26,0,0
BRDA:154,26,1,0
BRDA:155,27,0,0
BRDA:155,27,1,0
BRDA:158,28,0,0
BRDA:158,28,1,0
BRDA:190,29,0,0
BRDA:190,29,1,2
BRDA:190,30,0,2
BRDA:190,30,1,2
BRDA:191,31,0,0
BRDA:191,31,1,2
BRDA:193,32,0,0
BRDA:193,32,1,2
BRDA:195,33,0,1
BRDA:195,33,1,1
BRDA:207,34,0,0
BRDA:207,34,1,0
BRDA:217,35,0,0
BRDA:217,35,1,0
BRDA:217,36,0,0
BRDA:217,36,1,0
BRDA:219,37,0,0
BRDA:219,37,1,0
BRDA:222,38,0,0
BRDA:222,38,1,0
BRDA:233,39,0,0
BRDA:233,39,1,0
BRDA:233,40,0,0
BRDA:233,40,1,0
BRDA:233,40,2,0
BRDA:235,41,0,0
BRDA:235,41,1,0
BRDA:238,42,0,0
BRDA:238,42,1,0
BRDA:240,43,0,0
BRDA:240,43,1,0
BRDA:240,44,0,0
BRDA:240,44,1,0
BRDA:260,45,0,0
BRDA:260,45,1,0
BRDA:261,46,0,0
BRDA:261,46,1,0
BRDA:272,47,0,0
BRDA:272,47,1,0
BRDA:277,48,0,0
BRDA:277,48,1,0
BRDA:277,49,0,0
BRDA:277,49,1,0
BRDA:278,50,0,0
BRDA:278,50,1,0
BRDA:284,51,0,0
BRDA:284,51,1,0
BRDA:286,52,0,0
BRDA:286,52,1,0
BRDA:289,53,0,0
BRDA:289,53,1,0
BRDA:290,54,0,0
BRDA:290,54,1,0
BRDA:290,55,0,0
BRDA:290,55,1,0
BRDA:300,56,0,0
BRDA:300,56,1,0
BRDA:311,57,0,0
BRDA:311,57,1,0
BRDA:317,58,0,0
BRDA:317,58,1,0
BRDA:319,59,0,0
BRDA:319,59,1,0
BRDA:323,60,0,0
BRDA:323,60,1,0
BRDA:324,61,0,0
BRDA:324,61,1,0
BRDA:324,62,0,0
BRDA:324,62,1,0
BRDA:335,63,0,0
BRDA:335,63,1,0
BRF:129
BRH:41
end_of_record
TN:
SF:src/controllers/automation.controller.js
FN:3,(anonymous_0)
FN:11,(anonymous_1)
FN:19,(anonymous_2)
FN:28,(anonymous_3)
FN:36,(anonymous_4)
FNF:5
FNH:4
FNDA:1,(anonymous_0)
FNDA:4,(anonymous_1)
FNDA:0,(anonymous_2)
FNDA:1,(anonymous_3)
FNDA:1,(anonymous_4)
DA:3,13
DA:4,1
DA:5,1
DA:6,1
DA:7,1
DA:8,0
DA:11,13
DA:12,4
DA:13,4
DA:14,4
DA:15,3
DA:16,1
DA:19,13
DA:20,0
DA:21,0
DA:22,0
DA:23,0
DA:24,0
DA:25,0
DA:28,13
DA:29,1
DA:30,1
DA:31,1
DA:32,1
DA:33,0
DA:36,13
DA:37,1
DA:38,1
DA:39,1
DA:40,1
DA:41,1
DA:42,1
DA:43,1
DA:44,0
LF:34
LH:25
BRDA:5,0,0,1
BRDA:5,0,1,0
BRDA:13,1,0,4
BRDA:13,1,1,0
BRDA:21,2,0,0
BRDA:21,2,1,0
BRDA:23,3,0,0
BRDA:23,3,1,0
BRDA:30,4,0,1
BRDA:30,4,1,0
BRDA:38,5,0,1
BRDA:38,5,1,0
BRDA:40,6,0,0
BRDA:40,6,1,1
BRF:14
BRH:5
end_of_record
TN:
SF:src/controllers/calendar.controller.js
FN:7,(anonymous_0)
FN:29,(anonymous_1)
FN:36,(anonymous_2)
FN:53,(anonymous_3)
FNF:4
FNH:1
FNDA:2,(anonymous_0)
FNDA:0,(anonymous_1)
FNDA:0,(anonymous_2)
FNDA:0,(anonymous_3)
DA:5,13
DA:7,13
DA:8,2
DA:9,2
DA:10,2
DA:11,2
DA:12,2
DA:13,2
DA:14,2
DA:15,1
DA:21,2
DA:25,2
DA:26,0
DA:29,13
DA:30,0
DA:31,0
DA:32,0
DA:33,0
DA:34,0
DA:36,0
DA:37,0
DA:44,0
DA:53,0
DA:64,0
DA:65,0
DA:69,0
DA:70,0
DA:72,0
DA:73,0
DA:75,0
DA:76,0
LF:31
LH:13
BRDA:10,0,0,2
BRDA:10,0,1,0
BRDA:12,1,0,0
BRDA:12,1,1,2
BRDA:13,2,0,0
BRDA:13,2,1,2
BRDA:14,3,0,1
BRDA:14,3,1,1
BRDA:14,4,0,2
BRDA:14,4,1,1
BRDA:32,5,0,0
BRDA:32,5,1,0
BRDA:34,6,0,0
BRDA:34,6,1,0
BRDA:47,7,0,0
BRDA:47,7,1,0
BRDA:48,8,0,0
BRDA:48,8,1,0
BRDA:53,9,0,0
BRDA:53,9,1,0
BRDA:64,10,0,0
BRDA:64,10,1,0
BRDA:70,11,0,0
BRDA:70,11,1,0
BRDA:72,12,0,0
BRDA:72,12,1,0
BRDA:72,13,0,0
BRDA:72,13,1,0
BRF:28
BRH:7
end_of_record
TN:
SF:src/controllers/context.controller.js
FN:10,(anonymous_0)
FN:30,(anonymous_1)
FN:33,(anonymous_2)
FN:36,(anonymous_3)
FN:96,(anonymous_4)
FN:121,(anonymous_5)
FN:140,(anonymous_6)
FN:184,(anonymous_7)
FN:186,(anonymous_8)
FN:199,(anonymous_9)
FN:206,(anonymous_10)
FN:207,(anonymous_11)
FN:217,(anonymous_12)
FNF:13
FNH:0
FNDA:0,(anonymous_0)
FNDA:0,(anonymous_1)
FNDA:0,(anonymous_2)
FNDA:0,(anonymous_3)
FNDA:0,(anonymous_4)
FNDA:0,(anonymous_5)
FNDA:0,(anonymous_6)
FNDA:0,(anonymous_7)
FNDA:0,(anonymous_8)
FNDA:0,(anonymous_9)
FNDA:0,(anonymous_10)
FNDA:0,(anonymous_11)
FNDA:0,(anonymous_12)
DA:7,13
DA:10,13
DA:11,0
DA:12,0
DA:13,0
DA:15,0
DA:18,0
DA:19,0
DA:20,0
DA:21,0
DA:22,0
DA:23,0
DA:25,0
DA:30,0
DA:33,0
DA:36,0
DA:40,0
DA:75,0
DA:82,0
DA:83,0
DA:85,0
DA:89,0
DA:96,0
DA:105,0
DA:115,0
DA:116,0
DA:121,13
DA:122,0
DA:123,0
DA:124,0
DA:133,0
DA:135,0
DA:140,13
DA:141,0
DA:142,0
DA:143,0
DA:144,0
DA:146,0
DA:147,0
DA:150,0
DA:151,0
DA:163,0
DA:164,0
DA:173,0
DA:174,0
DA:175,0
DA:176,0
DA:177,0
DA:178,0
DA:183,0
DA:184,0
DA:185,0
DA:186,0
DA:188,0
DA:190,0
DA:192,0
DA:194,0
DA:199,13
DA:200,0
DA:201,0
DA:202,0
DA:203,0
DA:205,0
DA:206,0
DA:207,0
DA:208,0
DA:210,0
DA:212,0
DA:217,13
DA:218,0
DA:219,0
DA:220,0
DA:224,0
DA:226,0
LF:74
LH:6
BRDA:12,0,0,0
BRDA:13,1,0,0
BRDA:13,1,1,0
BRDA:15,2,0,0
BRDA:15,2,1,0
BRDA:20,3,0,0
BRDA:20,3,1,0
BRDA:29,4,0,0
BRDA:29,4,1,0
BRDA:46,5,0,0
BRDA:46,5,1,0
BRDA:91,6,0,0
BRDA:91,6,1,0
BRDA:123,7,0,0
BRDA:123,7,1,0
BRDA:144,8,0,0
BRDA:144,8,1,0
BRDA:147,9,0,0
BRDA:147,9,1,0
BRDA:150,10,0,0
BRDA:150,10,1,0
BRDA:150,11,0,0
BRDA:150,11,1,0
BRDA:152,12,0,0
BRDA:152,12,1,0
BRDA:153,13,0,0
BRDA:153,13,1,0
BRDA:154,14,0,0
BRDA:154,14,1,0
BRDA:163,15,0,0
BRDA:163,15,1,0
BRDA:163,16,0,0
BRDA:163,16,1,0
BRDA:165,17,0,0
BRDA:165,17,1,0
BRDA:166,18,0,0
BRDA:166,18,1,0
BRDA:173,19,0,0
BRDA:173,19,1,0
BRDA:173,20,0,0
BRDA:173,20,1,0
BRDA:175,21,0,0
BRDA:175,21,1,0
BRDA:175,22,0,0
BRDA:175,22,1,0
BRDA:185,23,0,0
BRDA:185,23,1,0
BRDA:186,24,0,0
BRDA:186,24,1,0
BRDA:203,25,0,0
BRDA:203,25,1,0
BRDA:207,26,0,0
BRDA:207,26,1,0
BRDA:207,27,0,0
BRDA:207,27,1,0
BRDA:219,28,0,0
BRDA:219,28,1,0
BRF:57
BRH:0
end_of_record
TN:
SF:src/controllers/dashboard.controller.js
FN:6,(anonymous_0)
FN:13,(anonymous_1)
FN:17,(anonymous_2)
FN:23,(anonymous_3)
FN:24,(anonymous_4)
FN:27,(anonymous_5)
FN:31,(anonymous_6)
FN:32,(anonymous_7)
FN:33,(anonymous_8)
FN:34,(anonymous_9)
FN:35,(anonymous_10)
FN:39,(anonymous_11)
FN:40,(anonymous_12)
FN:41,(anonymous_13)
FN:42,(anonymous_14)
FN:43,(anonymous_15)
FN:49,(anonymous_16)
FN:49,(anonymous_17)
FN:51,(anonymous_18)
FN:51,(anonymous_19)
FN:55,(anonymous_20)
FN:63,(anonymous_21)
FNF:22
FNH:4
FNDA:1,(anonymous_0)
FNDA:0,(anonymous_1)
FNDA:0,(anonymous_2)
FNDA:0,(anonymous_3)
FNDA:0,(anonymous_4)
FNDA:0,(anonymous_5)
FNDA:0,(anonymous_6)
FNDA:0,(anonymous_7)
FNDA:0,(anonymous_8)
FNDA:0,(anonymous_9)
FNDA:0,(anonymous_10)
FNDA:0,(anonymous_11)
FNDA:0,(anonymous_12)
FNDA:0,(anonymous_13)
FNDA:0,(anonymous_14)
FNDA:0,(anonymous_15)
FNDA:0,(anonymous_16)
FNDA:0,(anonymous_17)
FNDA:1,(anonymous_18)
FNDA:1,(anonymous_19)
FNDA:0,(anonymous_20)
FNDA:1,(anonymous_21)
DA:6,13
DA:7,1
DA:8,1
DA:9,1
DA:11,1
DA:13,0
DA:17,0
DA:23,1
DA:24,1
DA:26,1
DA:27,0
DA:30,1
DA:31,0
DA:32,0
DA:33,0
DA:34,0
DA:35,0
DA:38,1
DA:39,0
DA:40,0
DA:41,0
DA:42,0
DA:43,0
DA:46,1
DA:49,0
DA:51,1
DA:55,0
DA:59,0
DA:63,13
DA:64,1
DA:65,1
DA:66,1
DA:67,1
DA:68,1
DA:70,1
DA:75,1
DA:77,0
LF:37
LH:20
BRDA:8,0,0,1
BRDA:8,0,1,0
BRDA:23,1,0,0
BRDA:23,1,1,0
BRDA:23,1,2,0
BRDA:24,2,0,0
BRDA:24,2,1,0
BRDA:24,2,2,0
BRDA:26,3,0,0
BRDA:26,3,1,1
BRDA:65,4,0,1
BRDA:65,4,1,0
BRDA:66,5,0,1
BRDA:66,5,1,1
BRDA:67,6,0,1
BRDA:67,6,1,1
BRF:16
BRH:7
end_of_record
TN:
SF:src/controllers/dashboardConfig.controller.js
FN:21,(anonymous_0)
FN:32,(anonymous_1)
FN:44,(anonymous_2)
FN:62,(anonymous_3)
FN:63,(anonymous_4)
FNF:5
FNH:0
FNDA:0,(anonymous_0)
FNDA:0,(anonymous_1)
FNDA:0,(anonymous_2)
FNDA:0,(anonymous_3)
FNDA:0,(anonymous_4)
DA:6,13
DA:8,13
DA:21,13
DA:22,0
DA:23,0
DA:24,0
DA:25,0
DA:26,0
DA:28,0
DA:29,0
DA:32,13
DA:33,0
DA:34,0
DA:35,0
DA:40,0
DA:41,0
DA:44,13
DA:45,0
DA:46,0
DA:47,0
DA:53,0
DA:54,0
DA:56,0
DA:62,0
DA:63,0
DA:67,0
DA:68,0
DA:69,0
DA:70,0
DA:72,0
DA:73,0
DA:75,0
DA:76,0
LF:33
LH:5
BRDA:23,0,0,0
BRDA:23,0,1,0
BRDA:25,1,0,0
BRDA:25,1,1,0
BRDA:34,2,0,0
BRDA:34,2,1,0
BRDA:46,3,0,0
BRDA:46,3,1,0
BRDA:59,4,0,0
BRDA:59,4,1,0
BRDA:62,5,0,0
BRDA:62,5,1,0
BRDA:63,6,0,0
BRDA:63,6,1,0
BRDA:68,7,0,0
BRDA:68,7,1,0
BRDA:72,8,0,0
BRDA:72,8,1,0
BRDA:73,9,0,0
BRDA:73,9,1,0
BRDA:73,10,0,0
BRDA:73,10,1,0
BRF:22
BRH:0
end_of_record
TN:
SF:src/controllers/department.controller.js
FN:5,(anonymous_0)
FN:10,(anonymous_1)
FN:15,(anonymous_2)
FN:17,(anonymous_3)
FN:22,(anonymous_4)
FN:30,(anonymous_5)
FN:38,(anonymous_6)
FNF:7
FNH:7
FNDA:1,(anonymous_0)
FNDA:3,(anonymous_1)
FNDA:1,(anonymous_2)
FNDA:3,(anonymous_3)
FNDA:6,(anonymous_4)
FNDA:1,(anonymous_5)
FNDA:1,(anonymous_6)
DA:5,13
DA:6,1
DA:7,1
DA:8,1
DA:10,3
DA:11,1
DA:15,1
DA:17,3
DA:18,1
DA:19,0
DA:22,13
DA:23,6
DA:24,6
DA:25,6
DA:26,5
DA:27,1
DA:30,13
DA:31,1
DA:32,1
DA:33,1
DA:34,1
DA:35,0
DA:38,13
DA:39,1
DA:40,1
DA:41,1
DA:42,1
DA:43,1
DA:44,1
DA:45,0
LF:30
LH:27
BRDA:7,0,0,1
BRDA:7,0,1,0
BRDA:17,1,0,3
BRDA:17,1,1,2
BRDA:24,2,0,6
BRDA:24,2,1,0
BRDA:33,3,0,0
BRDA:33,3,1,1
BRDA:41,4,0,0
BRDA:41,4,1,1
BRF:10
BRH:6
end_of_record
TN:
SF:src/controllers/formView.controller.js
FN:4,(anonymous_0)
FN:12,(anonymous_1)
FN:20,(anonymous_2)
FN:29,(anonymous_3)
FN:37,(anonymous_4)
FN:45,(anonymous_5)
FN:53,(anonymous_6)
FNF:7
FNH:4
FNDA:1,(anonymous_0)
FNDA:6,(anonymous_1)
FNDA:0,(anonymous_2)
FNDA:1,(anonymous_3)
FNDA:2,(anonymous_4)
FNDA:0,(anonymous_5)
FNDA:0,(anonymous_6)
DA:4,13
DA:5,1
DA:6,1
DA:7,1
DA:8,1
DA:9,0
DA:12,13
DA:13,6
DA:14,6
DA:15,6
DA:16,5
DA:17,1
DA:20,13
DA:21,0
DA:22,0
DA:23,0
DA:24,0
DA:25,0
DA:26,0
DA:29,13
DA:30,1
DA:31,1
DA:32,1
DA:33,1
DA:34,0
DA:37,13
DA:38,2
DA:39,2
DA:40,2
DA:41,1
DA:42,0
DA:45,13
DA:46,0
DA:47,0
DA:48,0
DA:50,0
DA:52,0
DA:53,0
DA:54,0
DA:55,0
DA:56,0
DA:57,0
DA:58,0
DA:59,0
DA:60,0
DA:62,0
DA:64,0
DA:65,0
DA:66,0
DA:67,0
DA:68,0
LF:51
LH:23
BRDA:6,0,0,1
BRDA:6,0,1,0
BRDA:14,1,0,6
BRDA:14,1,1,0
BRDA:22,2,0,0
BRDA:22,2,1,0
BRDA:24,3,0,0
BRDA:24,3,1,0
BRDA:31,4,0,1
BRDA:31,4,1,0
BRDA:40,5,0,1
BRDA:40,5,1,1
BRDA:48,6,0,0
BRDA:48,6,1,0
BRDA:55,7,0,0
BRDA:55,7,1,0
BRDA:55,8,0,0
BRDA:55,8,1,0
BRDA:55,8,2,0
BRDA:56,9,0,0
BRDA:56,9,1,0
BRDA:57,10,0,0
BRDA:57,10,1,0
BRDA:58,11,0,0
BRDA:58,11,1,0
BRDA:59,12,0,0
BRDA:59,12,1,0
BRDA:60,13,0,0
BRDA:60,13,1,0
BRDA:62,14,0,0
BRDA:62,14,1,0
BRF:31
BRH:5
end_of_record
TN:
SF:src/controllers/gantt.controller.js
FN:8,(anonymous_0)
FN:23,(anonymous_1)
FN:27,(anonymous_2)
FN:33,(anonymous_3)
FN:41,(anonymous_4)
FN:42,(anonymous_5)
FN:43,(anonymous_6)
FN:55,(anonymous_7)
FN:55,(anonymous_8)
FNF:9
FNH:0
FNDA:0,(anonymous_0)
FNDA:0,(anonymous_1)
FNDA:0,(anonymous_2)
FNDA:0,(anonymous_3)
FNDA:0,(anonymous_4)
FNDA:0,(anonymous_5)
FNDA:0,(anonymous_6)
FNDA:0,(anonymous_7)
FNDA:0,(anonymous_8)
DA:6,13
DA:8,13
DA:9,0
DA:10,0
DA:11,0
DA:16,0
DA:17,0
DA:19,0
DA:20,0
DA:23,13
DA:24,0
DA:25,0
DA:26,0
DA:27,0
DA:28,0
DA:29,0
DA:30,0
DA:33,13
DA:34,0
DA:35,0
DA:36,0
DA:39,0
DA:41,0
DA:42,0
DA:43,0
DA:45,0
DA:55,0
DA:69,0
DA:70,0
DA:71,0
DA:75,0
DA:76,0
DA:78,0
DA:79,0
DA:81,0
DA:82,0
LF:36
LH:4
BRDA:19,0,0,0
BRDA:19,0,1,0
BRDA:41,1,0,0
BRDA:41,1,1,0
BRDA:41,1,2,0
BRDA:48,2,0,0
BRDA:48,2,1,0
BRDA:55,3,0,0
BRDA:55,3,1,0
BRDA:55,4,0,0
BRDA:55,4,1,0
BRDA:70,5,0,0
BRDA:70,5,1,0
BRDA:76,6,0,0
BRDA:76,6,1,0
BRDA:78,7,0,0
BRDA:78,7,1,0
BRDA:79,8,0,0
BRDA:79,8,1,0
BRF:19
BRH:0
end_of_record
TN:
SF:src/controllers/myTasks.controller.js
FN:4,(anonymous_0)
FN:40,(anonymous_1)
FN:41,(anonymous_2)
FN:42,(anonymous_3)
FN:43,(anonymous_4)
FN:52,(anonymous_5)
FN:86,(anonymous_6)
FNF:7
FNH:1
FNDA:1,(anonymous_0)
FNDA:0,(anonymous_1)
FNDA:0,(anonymous_2)
FNDA:0,(anonymous_3)
FNDA:0,(anonymous_4)
FNDA:0,(anonymous_5)
FNDA:0,(anonymous_6)
DA:4,13
DA:5,1
DA:6,1
DA:7,1
DA:8,1
DA:10,1
DA:11,1
DA:12,1
DA:14,1
DA:15,0
DA:16,0
DA:17,0
DA:18,0
DA:19,0
DA:20,0
DA:21,0
DA:22,0
DA:23,0
DA:24,0
DA:25,0
DA:26,0
DA:27,0
DA:31,1
DA:36,1
DA:37,1
DA:38,1
DA:40,0
DA:41,0
DA:42,0
DA:43,0
DA:46,1
DA:48,0
DA:52,13
DA:53,0
DA:54,0
DA:55,0
DA:56,0
DA:57,0
DA:58,0
DA:59,0
DA:60,0
DA:62,0
DA:85,0
DA:86,0
DA:89,0
DA:99,0
LF:46
LH:15
BRDA:11,0,0,0
BRDA:11,0,1,1
BRDA:12,1,0,0
BRDA:12,1,1,1
BRDA:14,2,0,0
BRDA:14,2,1,1
BRDA:15,3,0,0
BRDA:15,3,1,0
BRDA:18,4,0,0
BRDA:18,4,1,0
BRDA:22,5,0,0
BRDA:22,5,1,0
BRDA:26,6,0,0
BRDA:26,6,1,0
BRDA:43,7,0,0
BRDA:43,7,1,0
BRDA:43,7,2,0
BRDA:55,8,0,0
BRDA:55,8,1,0
BRDA:86,9,0,0
BRDA:86,9,1,0
BRF:21
BRH:3
end_of_record
TN:
SF:src/controllers/notification.controller.js
FN:3,(anonymous_0)
FN:14,(anonymous_1)
FN:21,(anonymous_2)
FN:28,(anonymous_3)
FNF:4
FNH:2
FNDA:1,(anonymous_0)
FNDA:0,(anonymous_1)
FNDA:0,(anonymous_2)
FNDA:1,(anonymous_3)
DA:3,13
DA:4,1
DA:5,1
DA:6,1
DA:10,1
DA:11,0
DA:14,13
DA:15,0
DA:16,0
DA:17,0
DA:18,0
DA:21,13
DA:22,0
DA:23,0
DA:24,0
DA:25,0
DA:28,13
DA:29,1
DA:30,1
DA:31,1
DA:32,0
LF:21
LH:11
BRDA:5,0,0,1
BRDA:5,1,0,1
BRF:2
BRH:2
end_of_record
TN:
SF:src/controllers/portfolio.controller.js
FN:4,(anonymous_0)
FN:12,(anonymous_1)
FN:23,(anonymous_2)
FN:28,(anonymous_3)
FN:29,(anonymous_4)
FN:30,(anonymous_5)
FN:31,(anonymous_6)
FN:32,(anonymous_7)
FN:33,(anonymous_8)
FNF:9
FNH:1
FNDA:0,(anonymous_0)
FNDA:1,(anonymous_1)
FNDA:0,(anonymous_2)
FNDA:0,(anonymous_3)
FNDA:0,(anonymous_4)
FNDA:0,(anonymous_5)
FNDA:0,(anonymous_6)
FNDA:0,(anonymous_7)
FNDA:0,(anonymous_8)
DA:4,13
DA:5,0
DA:6,0
DA:7,0
DA:8,0
DA:9,0
DA:12,13
DA:13,1
DA:14,1
DA:16,1
DA:21,1
DA:23,1
DA:24,0
DA:26,0
DA:28,0
DA:29,0
DA:30,0
DA:31,0
DA:32,0
DA:34,0
DA:38,0
DA:42,0
DA:48,0
DA:56,1
DA:58,0
LF:25
LH:8
BRDA:6,0,0,0
BRDA:6,0,1,0
BRDA:7,1,0,0
BRDA:7,1,1,0
BRDA:8,2,0,0
BRDA:8,2,1,0
BRDA:8,3,0,0
BRDA:8,3,1,0
BRDA:14,4,0,1
BRDA:14,4,1,0
BRDA:34,5,0,0
BRDA:34,5,1,0
BRDA:34,5,2,0
BRDA:38,6,0,0
BRDA:38,6,1,0
BRF:15
BRH:1
end_of_record
TN:
SF:src/controllers/project.controller.js
FN:7,(anonymous_0)
FN:13,(anonymous_1)
FN:32,(anonymous_2)
FN:41,(anonymous_3)
FN:60,(anonymous_4)
FN:71,(anonymous_5)
FN:86,(anonymous_6)
FN:92,(anonymous_7)
FN:93,(anonymous_8)
FN:94,(anonymous_9)
FN:95,(anonymous_10)
FN:96,(anonymous_11)
FN:97,(anonymous_12)
FN:97,(anonymous_13)
FN:104,(anonymous_14)
FN:111,(anonymous_15)
FN:112,(anonymous_16)
FN:117,(anonymous_17)
FN:124,(anonymous_18)
FN:132,(anonymous_19)
FNF:20
FNH:6
FNDA:49,(anonymous_0)
FNDA:2,(anonymous_1)
FNDA:47,(anonymous_2)
FNDA:2,(anonymous_3)
FNDA:2,(anonymous_4)
FNDA:1,(anonymous_5)
FNDA:0,(anonymous_6)
FNDA:0,(anonymous_7)
FNDA:0,(anonymous_8)
FNDA:0,(anonymous_9)
FNDA:0,(anonymous_10)
FNDA:0,(anonymous_11)
FNDA:0,(anonymous_12)
FNDA:0,(anonymous_13)
FNDA:0,(anonymous_14)
FNDA:0,(anonymous_15)
FNDA:0,(anonymous_16)
FNDA:0,(anonymous_17)
FNDA:0,(anonymous_18)
FNDA:0,(anonymous_19)
DA:7,13
DA:8,49
DA:9,49
DA:10,0
DA:13,13
DA:14,2
DA:15,2
DA:16,2
DA:17,2
DA:18,2
DA:19,2
DA:20,2
DA:22,2
DA:28,2
DA:29,0
DA:32,13
DA:33,47
DA:34,47
DA:35,47
DA:36,46
DA:37,46
DA:38,1
DA:41,13
DA:42,2
DA:43,2
DA:48,2
DA:50,1
DA:51,1
DA:56,1
DA:57,0
DA:60,13
DA:61,2
DA:62,2
DA:64,2
DA:65,2
DA:66,2
DA:67,2
DA:68,0
DA:71,13
DA:72,1
DA:73,1
DA:74,1
DA:75,1
DA:80,1
DA:81,1
DA:82,1
DA:83,0
DA:86,13
DA:87,0
DA:88,0
DA:89,0
DA:90,0
DA:92,0
DA:93,0
DA:94,0
DA:95,0
DA:96,0
DA:97,0
DA:99,0
DA:100,0
DA:104,13
DA:105,0
DA:106,0
DA:107,0
DA:111,0
DA:112,0
DA:113,0
DA:114,0
DA:117,13
DA:118,0
DA:119,0
DA:120,0
DA:121,0
DA:124,13
DA:125,0
DA:126,0
DA:127,0
DA:128,0
DA:129,0
DA:132,13
DA:133,0
DA:134,0
DA:135,0
DA:136,0
DA:137,0
DA:138,0
DA:139,0
LF:87
LH:47
BRDA:9,0,0,49
BRDA:9,0,1,0
BRDA:15,1,0,2
BRDA:15,1,1,0
BRDA:18,2,0,0
BRDA:18,2,1,2
BRDA:19,3,0,0
BRDA:19,3,1,2
BRDA:20,4,0,0
BRDA:20,4,1,2
BRDA:34,5,0,47
BRDA:34,5,1,0
BRDA:48,6,0,1
BRDA:48,6,1,1
BRDA:64,7,0,0
BRDA:64,7,1,2
BRDA:65,8,0,2
BRDA:65,8,1,0
BRDA:74,9,0,0
BRDA:74,9,1,1
BRDA:80,10,0,1
BRDA:80,10,1,0
BRDA:92,11,0,0
BRDA:92,11,1,0
BRDA:93,12,0,0
BRDA:93,12,1,0
BRDA:94,13,0,0
BRDA:94,13,1,0
BRDA:95,14,0,0
BRDA:95,14,1,0
BRDA:95,14,2,0
BRDA:96,15,0,0
BRDA:96,15,1,0
BRDA:97,16,0,0
BRDA:97,16,1,0
BRDA:112,17,0,0
BRDA:112,17,1,0
BRDA:112,18,0,0
BRDA:112,18,1,0
BRDA:127,19,0,0
BRDA:127,19,1,0
BRDA:135,20,0,0
BRDA:135,20,1,0
BRF:43
BRH:12
end_of_record
TN:
SF:src/controllers/reports.controller.js
FN:8,(anonymous_0)
FN:25,(anonymous_1)
FN:30,(anonymous_2)
FN:30,(anonymous_3)
FN:30,(anonymous_4)
FN:37,(anonymous_5)
FN:38,(anonymous_6)
FN:39,(anonymous_7)
FN:47,(anonymous_8)
FN:48,(anonymous_9)
FN:48,(anonymous_10)
FN:49,(anonymous_11)
FN:50,(anonymous_12)
FN:59,(anonymous_13)
FN:84,(anonymous_14)
FN:90,(anonymous_15)
FN:94,(anonymous_16)
FN:99,(anonymous_17)
FN:99,(anonymous_18)
FNF:19
FNH:1
FNDA:1,(anonymous_0)
FNDA:0,(anonymous_1)
FNDA:0,(anonymous_2)
FNDA:0,(anonymous_3)
FNDA:0,(anonymous_4)
FNDA:0,(anonymous_5)
FNDA:0,(anonymous_6)
FNDA:0,(anonymous_7)
FNDA:0,(anonymous_8)
FNDA:0,(anonymous_9)
FNDA:0,(anonymous_10)
FNDA:0,(anonymous_11)
FNDA:0,(anonymous_12)
FNDA:0,(anonymous_13)
FNDA:0,(anonymous_14)
FNDA:0,(anonymous_15)
FNDA:0,(anonymous_16)
FNDA:0,(anonymous_17)
FNDA:0,(anonymous_18)
DA:6,13
DA:8,13
DA:9,1
DA:10,1
DA:11,1
DA:12,1
DA:14,1
DA:15,1
DA:16,1
DA:17,1
DA:18,1
DA:19,1
DA:20,1
DA:21,1
DA:23,1
DA:24,1
DA:25,1
DA:26,0
DA:27,0
DA:28,0
DA:30,1
DA:31,1
DA:34,1
DA:35,0
DA:36,0
DA:37,0
DA:38,0
DA:39,0
DA:40,0
DA:44,1
DA:45,0
DA:46,0
DA:47,0
DA:48,0
DA:49,0
DA:50,0
DA:51,0
DA:55,1
DA:56,0
DA:59,13
DA:60,0
DA:61,0
DA:62,0
DA:73,0
DA:74,0
DA:75,0
DA:76,0
DA:78,0
DA:80,0
DA:81,0
DA:84,13
DA:85,0
DA:87,0
DA:88,0
DA:89,0
DA:90,0
DA:94,0
DA:99,0
DA:100,0
DA:101,0
DA:102,0
DA:103,0
LF:62
LH:24
BRDA:10,0,0,1
BRDA:10,0,1,0
BRDA:11,1,0,1
BRDA:11,2,0,1
BRDA:11,3,0,1
BRDA:14,4,0,1
BRDA:14,4,1,0
BRDA:16,5,0,0
BRDA:16,5,1,1
BRDA:17,6,0,0
BRDA:17,6,1,1
BRDA:18,7,0,0
BRDA:18,7,1,1
BRDA:19,8,0,0
BRDA:19,8,1,1
BRDA:20,9,0,0
BRDA:20,9,1,1
BRDA:21,10,0,0
BRDA:21,10,1,1
BRDA:26,11,0,0
BRDA:26,11,1,0
BRDA:26,12,0,0
BRDA:26,12,1,0
BRDA:26,13,0,0
BRDA:26,13,1,0
BRDA:27,14,0,0
BRDA:27,14,1,0
BRDA:30,15,0,0
BRDA:30,15,1,0
BRDA:30,16,0,0
BRDA:30,16,1,0
BRDA:30,16,2,0
BRDA:34,17,0,0
BRDA:34,17,1,1
BRDA:40,18,0,0
BRDA:40,18,1,0
BRDA:44,19,0,0
BRDA:44,19,1,1
BRDA:50,20,0,0
BRDA:50,20,1,0
BRDA:50,20,2,0
BRDA:51,21,0,0
BRDA:51,21,1,0
BRDA:74,22,0,0
BRDA:74,22,1,0
BRDA:88,23,0,0
BRDA:88,23,1,0
BRDA:91,24,0,0
BRDA:91,24,1,0
BRDA:92,25,0,0
BRDA:92,25,1,0
BRDA:93,26,0,0
BRDA:93,26,1,0
BRDA:94,27,0,0
BRDA:94,27,1,0
BRDA:94,28,0,0
BRDA:94,28,1,0
BRDA:95,29,0,0
BRDA:95,29,1,0
BRDA:96,30,0,0
BRDA:96,30,1,0
BRDA:97,31,0,0
BRDA:97,31,1,0
BRF:63
BRH:13
end_of_record
TN:
SF:src/controllers/search.controller.js
FN:4,(anonymous_0)
FN:35,(anonymous_1)
FNF:2
FNH:1
FNDA:2,(anonymous_0)
FNDA:0,(anonymous_1)
DA:4,13
DA:5,2
DA:6,2
DA:7,2
DA:9,2
DA:11,1
DA:13,1
DA:34,1
DA:35,0
DA:38,1
DA:40,1
DA:42,0
LF:12
LH:10
BRDA:6,0,0,2
BRDA:6,0,1,0
BRDA:9,1,0,1
BRDA:9,1,1,1
BRF:4
BRH:3
end_of_record
TN:
SF:src/controllers/sprint.controller.js
FN:4,(anonymous_0)
FN:20,(anonymous_1)
FN:34,(anonymous_2)
FN:48,(anonymous_3)
FN:71,(anonymous_4)
FN:82,(anonymous_5)
FN:90,(anonymous_6)
FN:101,(anonymous_7)
FN:116,(anonymous_8)
FN:140,(anonymous_9)
FNF:10
FNH:5
FNDA:1,(anonymous_0)
FNDA:6,(anonymous_1)
FNDA:2,(anonymous_2)
FNDA:1,(anonymous_3)
FNDA:1,(anonymous_4)
FNDA:0,(anonymous_5)
FNDA:0,(anonymous_6)
FNDA:0,(anonymous_7)
FNDA:0,(anonymous_8)
FNDA:0,(anonymous_9)
DA:4,13
DA:5,1
DA:6,1
DA:7,1
DA:8,1
DA:10,1
DA:14,1
DA:16,0
DA:20,13
DA:21,6
DA:22,6
DA:23,6
DA:28,5
DA:30,1
DA:34,13
DA:35,2
DA:36,2
DA:37,2
DA:40,2
DA:42,1
DA:44,0
DA:48,13
DA:49,1
DA:50,1
DA:51,1
DA:52,1
DA:55,1
DA:56,1
DA:62,1
DA:63,1
DA:65,1
DA:67,0
DA:71,13
DA:72,1
DA:73,1
DA:74,1
DA:75,1
DA:76,1
DA:78,0
DA:82,13
DA:83,0
DA:84,0
DA:85,0
DA:87,0
DA:88,0
DA:90,0
DA:91,0
DA:92,0
DA:95,0
DA:97,0
DA:101,13
DA:102,0
DA:103,0
DA:104,0
DA:109,0
DA:110,0
DA:112,0
DA:116,13
DA:117,0
DA:118,0
DA:119,0
DA:122,0
DA:124,0
DA:125,0
DA:126,0
DA:127,0
DA:128,0
DA:130,0
DA:132,0
DA:133,0
DA:134,0
DA:135,0
DA:136,0
DA:138,0
DA:140,0
DA:141,0
DA:144,0
DA:146,0
DA:153,0
DA:155,0
LF:80
LH:38
BRDA:6,0,0,1
BRDA:6,0,1,0
BRDA:8,1,0,0
BRDA:8,1,1,1
BRDA:22,2,0,6
BRDA:22,2,1,0
BRDA:36,3,0,2
BRDA:36,3,1,0
BRDA:40,4,0,1
BRDA:40,4,1,1
BRDA:50,5,0,1
BRDA:50,5,1,0
BRDA:52,6,0,0
BRDA:52,6,1,1
BRDA:55,7,0,1
BRDA:55,7,1,0
BRDA:55,8,0,1
BRDA:55,8,1,1
BRDA:73,9,0,1
BRDA:73,9,1,0
BRDA:75,10,0,0
BRDA:75,10,1,1
BRDA:84,11,0,0
BRDA:84,11,1,0
BRDA:88,12,0,0
BRDA:88,12,1,0
BRDA:90,13,0,0
BRDA:90,13,1,0
BRDA:103,14,0,0
BRDA:103,14,1,0
BRDA:109,15,0,0
BRDA:109,15,1,0
BRDA:118,16,0,0
BRDA:118,16,1,0
BRDA:122,17,0,0
BRDA:122,17,1,0
BRDA:127,18,0,0
BRDA:127,18,1,0
BRDA:128,19,0,0
BRDA:128,19,1,0
BRDA:141,20,0,0
BRDA:141,20,1,0
BRDA:141,20,2,0
BRF:43
BRH:13
end_of_record
TN:
SF:src/controllers/task.controller.js
FN:9,(anonymous_0)
FN:20,(anonymous_1)
FN:23,(anonymous_2)
FN:28,(anonymous_3)
FN:32,(anonymous_4)
FN:34,(anonymous_5)
FN:38,(anonymous_6)
FN:61,(anonymous_7)
FN:77,(anonymous_8)
FN:93,(anonymous_9)
FN:121,(anonymous_10)
FN:133,(anonymous_11)
FN:154,(anonymous_12)
FN:169,(anonymous_13)
FN:181,(anonymous_14)
FN:200,(anonymous_15)
FN:203,(anonymous_16)
FNF:17
FNH:9
FNDA:27,(anonymous_0)
FNDA:31,(anonymous_1)
FNDA:30,(anonymous_2)
FNDA:0,(anonymous_3)
FNDA:0,(anonymous_4)
FNDA:0,(anonymous_5)
FNDA:1,(anonymous_6)
FNDA:27,(anonymous_7)
FNDA:2,(anonymous_8)
FNDA:4,(anonymous_9)
FNDA:1,(anonymous_10)
FNDA:0,(anonymous_11)
FNDA:1,(anonymous_12)
FNDA:0,(anonymous_13)
FNDA:0,(anonymous_14)
FNDA:0,(anonymous_15)
FNDA:0,(anonymous_16)
DA:9,13
DA:10,27
DA:11,27
DA:12,27
DA:13,27
DA:14,27
DA:15,0
DA:16,0
DA:20,13
DA:21,31
DA:22,31
DA:23,30
DA:24,30
DA:25,30
DA:28,13
DA:29,0
DA:30,0
DA:31,0
DA:32,0
DA:33,0
DA:34,0
DA:35,0
DA:38,13
DA:39,1
DA:40,1
DA:41,1
DA:42,1
DA:43,1
DA:44,1
DA:45,1
DA:46,1
DA:47,1
DA:48,1
DA:50,1
DA:57,1
DA:58,0
DA:61,13
DA:62,27
DA:63,27
DA:64,26
DA:65,26
DA:66,26
DA:68,26
DA:69,26
DA:70,26
DA:71,26
DA:72,26
DA:73,26
DA:74,1
DA:77,13
DA:78,2
DA:79,2
DA:88,2
DA:89,1
DA:90,0
DA:93,13
DA:94,4
DA:95,4
DA:96,4
DA:98,4
DA:99,4
DA:100,4
DA:102,4
DA:105,4
DA:106,4
DA:108,4
DA:109,4
DA:110,3
DA:111,3
DA:112,1
DA:113,1
DA:117,4
DA:118,0
DA:121,13
DA:122,1
DA:123,1
DA:124,1
DA:125,1
DA:126,1
DA:127,1
DA:128,1
DA:129,1
DA:130,0
DA:133,13
DA:134,0
DA:135,0
DA:136,0
DA:137,0
DA:139,0
DA:140,0
DA:141,0
DA:143,0
DA:144,0
DA:145,0
DA:147,0
DA:148,0
DA:150,0
DA:151,0
DA:154,13
DA:155,1
DA:156,1
DA:157,1
DA:162,1
DA:163,1
DA:164,1
DA:165,1
DA:166,0
DA:169,13
DA:170,0
DA:171,0
DA:176,0
DA:177,0
DA:178,0
DA:181,13
DA:182,0
DA:183,0
DA:184,0
DA:185,0
DA:186,0
DA:188,0
DA:190,0
DA:195,0
DA:196,0
DA:197,0
DA:200,13
DA:201,0
DA:202,0
DA:203,0
DA:206,0
DA:208,0
DA:209,0
DA:210,0
DA:213,0
DA:214,0
LF:134
LH:82
BRDA:13,0,0,27
BRDA:13,0,1,0
BRDA:14,1,0,27
BRDA:14,1,1,0
BRDA:15,2,0,0
BRDA:15,2,1,0
BRDA:15,3,0,0
BRDA:15,3,1,0
BRDA:16,4,0,0
BRDA:16,4,1,0
BRDA:16,5,0,0
BRDA:16,5,1,0
BRDA:22,6,0,1
BRDA:22,6,1,30
BRDA:29,7,0,0
BRDA:29,7,1,0
BRDA:31,8,0,0
BRDA:31,8,1,0
BRDA:34,9,0,0
BRDA:34,9,1,0
BRDA:34,10,0,0
BRDA:34,10,1,0
BRDA:42,11,0,0
BRDA:42,11,1,1
BRDA:43,12,0,0
BRDA:43,12,1,1
BRDA:44,13,0,0
BRDA:44,13,1,1
BRDA:45,14,0,0
BRDA:45,14,1,1
BRDA:46,15,0,0
BRDA:46,15,1,1
BRDA:47,16,0,0
BRDA:47,16,1,1
BRDA:48,17,0,0
BRDA:48,17,1,1
BRDA:64,18,0,26
BRDA:64,18,1,0
BRDA:68,19,0,0
BRDA:68,19,1,26
BRDA:69,20,0,26
BRDA:69,20,1,0
BRDA:72,21,0,26
BRDA:72,21,1,0
BRDA:88,22,0,1
BRDA:88,22,1,1
BRDA:96,23,0,0
BRDA:96,23,1,4
BRDA:99,24,0,1
BRDA:99,24,1,3
BRDA:99,25,0,4
BRDA:99,25,1,1
BRDA:100,26,0,0
BRDA:100,26,1,4
BRDA:100,27,0,4
BRDA:100,27,1,3
BRDA:105,28,0,4
BRDA:105,28,1,0
BRDA:106,29,0,0
BRDA:106,29,1,4
BRDA:108,30,0,4
BRDA:108,30,1,0
BRDA:109,31,0,3
BRDA:109,31,1,1
BRDA:111,32,0,1
BRDA:111,32,1,2
BRDA:113,33,0,1
BRDA:113,33,1,0
BRDA:124,34,0,0
BRDA:124,34,1,1
BRDA:127,35,0,1
BRDA:127,35,1,0
BRDA:128,36,0,0
BRDA:128,36,1,1
BRDA:137,37,0,0
BRDA:137,37,1,0
BRDA:140,38,0,0
BRDA:140,38,1,0
BRDA:141,39,0,0
BRDA:141,39,1,0
BRDA:144,40,0,0
BRDA:144,40,1,0
BRDA:145,41,0,0
BRDA:145,41,1,0
BRDA:147,42,0,0
BRDA:147,42,1,0
BRDA:162,43,0,0
BRDA:162,43,1,1
BRDA:163,44,0,1
BRDA:163,44,1,0
BRDA:176,45,0,0
BRDA:176,45,1,0
BRDA:188,46,0,0
BRDA:188,46,1,0
BRDA:195,47,0,0
BRDA:195,47,1,0
BRDA:204,48,0,0
BRDA:204,48,1,0
BRDA:208,49,0,0
BRDA:208,49,1,0
BRDA:210,50,0,0
BRDA:210,50,1,0
BRF:102
BRH:38
end_of_record
TN:
SF:src/controllers/timeEntry.controller.js
FN:3,(anonymous_0)
FN:19,(anonymous_1)
FN:33,(anonymous_2)
FN:47,(anonymous_3)
FN:57,(anonymous_4)
FN:73,(anonymous_5)
FN:74,(anonymous_6)
FN:74,(anonymous_7)
FNF:8
FNH:5
FNDA:1,(anonymous_0)
FNDA:4,(anonymous_1)
FNDA:1,(anonymous_2)
FNDA:1,(anonymous_3)
FNDA:1,(anonymous_4)
FNDA:0,(anonymous_5)
FNDA:0,(anonymous_6)
FNDA:0,(anonymous_7)
DA:3,13
DA:4,1
DA:5,1
DA:6,1
DA:7,1
DA:9,1
DA:13,1
DA:15,0
DA:19,13
DA:20,4
DA:21,4
DA:22,4
DA:27,3
DA:29,1
DA:33,13
DA:34,1
DA:35,1
DA:36,1
DA:38,1
DA:39,1
DA:41,1
DA:43,0
DA:47,13
DA:48,1
DA:49,1
DA:50,1
DA:51,1
DA:53,0
DA:57,13
DA:58,1
DA:59,1
DA:60,1
DA:62,1
DA:63,1
DA:64,0
DA:65,0
DA:66,0
DA:69,1
DA:73,1
DA:74,1
DA:77,1
DA:78,1
DA:79,0
DA:80,0
DA:81,0
DA:88,0
DA:89,0
DA:90,0
DA:93,1
DA:102,0
LF:50
LH:37
BRDA:5,0,0,1
BRDA:5,0,1,0
BRDA:7,1,0,0
BRDA:7,1,1,1
BRDA:21,2,0,4
BRDA:21,2,1,0
BRDA:36,3,0,0
BRDA:36,3,1,1
BRDA:50,4,0,0
BRDA:50,4,1,1
BRDA:60,5,0,1
BRDA:60,5,1,0
BRDA:63,6,0,0
BRDA:63,6,1,1
BRDA:63,7,0,1
BRDA:63,7,1,1
BRDA:65,8,0,0
BRDA:65,8,1,0
BRDA:66,9,0,0
BRDA:66,9,1,0
BRDA:73,10,0,0
BRDA:73,10,1,0
BRDA:74,11,0,0
BRDA:74,11,1,0
BRDA:79,12,0,0
BRDA:79,12,1,0
BRDA:80,13,0,0
BRDA:80,13,1,0
BRDA:89,14,0,0
BRDA:89,14,1,0
BRDA:90,15,0,0
BRDA:90,15,1,0
BRDA:90,16,0,0
BRDA:90,16,1,0
BRF:34
BRH:9
end_of_record
TN:
SF:src/controllers/user.controller.js
FN:4,(anonymous_0)
FN:18,(anonymous_1)
FN:36,(anonymous_2)
FN:46,(anonymous_3)
FN:58,(anonymous_4)
FNF:5
FNH:3
FNDA:2,(anonymous_0)
FNDA:2,(anonymous_1)
FNDA:0,(anonymous_2)
FNDA:0,(anonymous_3)
FNDA:2,(anonymous_4)
DA:4,13
DA:5,2
DA:6,2
DA:7,2
DA:8,2
DA:9,2
DA:10,2
DA:11,2
DA:13,2
DA:14,2
DA:15,0
DA:18,13
DA:19,2
DA:20,2
DA:21,2
DA:23,1
DA:29,1
DA:32,1
DA:33,0
DA:36,13
DA:37,0
DA:38,0
DA:39,0
DA:41,0
DA:42,0
DA:43,0
DA:46,13
DA:47,0
DA:48,0
DA:49,0
DA:50,0
DA:51,0
DA:53,0
DA:54,0
DA:55,0
DA:58,13
DA:59,2
DA:60,2
DA:61,2
DA:63,2
DA:64,2
DA:65,0
LF:42
LH:25
BRDA:6,0,0,2
BRDA:6,0,1,0
BRDA:9,1,0,0
BRDA:9,1,1,2
BRDA:10,2,0,0
BRDA:10,2,1,2
BRDA:11,3,0,0
BRDA:11,3,1,2
BRDA:21,4,0,1
BRDA:21,4,1,1
BRDA:41,5,0,0
BRDA:41,5,1,0
BRDA:49,6,0,0
BRDA:49,6,1,0
BRDA:50,7,0,0
BRDA:50,7,1,0
BRDA:63,8,0,0
BRDA:63,8,1,2
BRF:18
BRH:7
end_of_record
TN:
SF:src/controllers/webhook.controller.js
FN:5,(anonymous_0)
FN:13,(anonymous_1)
FN:22,(anonymous_2)
FN:31,(anonymous_3)
FN:39,(anonymous_4)
FN:49,(anonymous_5)
FNF:6
FNH:3
FNDA:1,(anonymous_0)
FNDA:3,(anonymous_1)
FNDA:0,(anonymous_2)
FNDA:1,(anonymous_3)
FNDA:0,(anonymous_4)
FNDA:0,(anonymous_5)
DA:5,13
DA:6,1
DA:7,1
DA:8,1
DA:9,1
DA:10,0
DA:13,13
DA:14,3
DA:15,3
DA:16,3
DA:17,3
DA:18,2
DA:19,1
DA:22,13
DA:23,0
DA:24,0
DA:25,0
DA:26,0
DA:27,0
DA:28,0
DA:31,13
DA:32,1
DA:33,1
DA:34,1
DA:35,1
DA:36,0
DA:39,13
DA:40,0
DA:41,0
DA:42,0
DA:43,0
DA:44,0
DA:45,0
DA:46,0
DA:49,13
DA:50,0
DA:51,0
DA:52,0
DA:53,0
DA:54,0
DA:55,0
LF:41
LH:20
BRDA:7,0,0,1
BRDA:7,0,1,0
BRDA:15,1,0,3
BRDA:15,1,1,0
BRDA:24,2,0,0
BRDA:24,2,1,0
BRDA:26,3,0,0
BRDA:26,3,1,0
BRDA:33,4,0,1
BRDA:33,4,1,0
BRDA:41,5,0,0
BRDA:41,5,1,0
BRDA:43,6,0,0
BRDA:43,6,1,0
BRDA:51,7,0,0
BRDA:51,7,1,0
BRDA:53,8,0,0
BRDA:53,8,1,0
BRF:18
BRH:3
end_of_record
TN:
SF:src/controllers/workload.controller.js
FN:7,(anonymous_0)
FN:32,(anonymous_1)
FN:34,(anonymous_2)
FN:34,(anonymous_3)
FN:35,(anonymous_4)
FN:37,(anonymous_5)
FN:42,(anonymous_6)
FN:48,(anonymous_7)
FN:53,(anonymous_8)
FN:57,(anonymous_9)
FN:63,(anonymous_10)
FN:66,(anonymous_11)
FN:66,(anonymous_12)
FN:66,(anonymous_13)
FNF:14
FNH:4
FNDA:1,(anonymous_0)
FNDA:1,(anonymous_1)
FNDA:0,(anonymous_2)
FNDA:0,(anonymous_3)
FNDA:15,(anonymous_4)
FNDA:0,(anonymous_5)
FNDA:0,(anonymous_6)
FNDA:0,(anonymous_7)
FNDA:15,(anonymous_8)
FNDA:0,(anonymous_9)
FNDA:0,(anonymous_10)
FNDA:0,(anonymous_11)
FNDA:0,(anonymous_12)
FNDA:0,(anonymous_13)
DA:5,13
DA:7,13
DA:8,1
DA:9,1
DA:10,1
DA:11,1
DA:12,1
DA:14,1
DA:15,1
DA:16,1
DA:21,1
DA:25,1
DA:28,1
DA:29,1
DA:30,15
DA:32,1
DA:33,1
DA:34,1
DA:35,1
DA:36,15
DA:37,15
DA:38,0
DA:39,0
DA:40,0
DA:42,15
DA:43,0
DA:44,0
DA:45,0
DA:46,0
DA:48,15
DA:50,1
DA:53,15
DA:54,0
DA:57,13
DA:58,0
DA:59,0
DA:60,0
DA:63,0
DA:66,0
DA:80,0
DA:81,0
DA:82,0
DA:86,0
DA:87,0
DA:89,0
DA:90,0
LF:46
LH:26
BRDA:10,0,0,1
BRDA:10,0,1,0
BRDA:11,1,0,0
BRDA:11,1,1,1
BRDA:12,2,0,0
BRDA:12,2,1,1
BRDA:15,3,0,0
BRDA:15,3,1,1
BRDA:38,4,0,0
BRDA:38,4,1,0
BRDA:39,5,0,0
BRDA:39,5,1,0
BRDA:40,6,0,0
BRDA:40,6,1,0
BRDA:43,7,0,0
BRDA:43,7,1,0
BRDA:44,8,0,0
BRDA:44,8,1,0
BRDA:46,9,0,0
BRDA:46,9,1,0
BRDA:50,10,0,1
BRDA:50,10,1,0
BRDA:81,11,0,0
BRDA:81,11,1,0
BRDA:87,12,0,0
BRDA:87,12,1,0
BRF:26
BRH:5
end_of_record
TN:
SF:src/middleware/auth.middleware.js
FN:4,(anonymous_0)
FN:30,(anonymous_1)
FN:46,(anonymous_2)
FN:47,(anonymous_3)
FNF:4
FNH:1
FNDA:200,(anonymous_0)
FNDA:0,(anonymous_1)
FNDA:0,(anonymous_2)
FNDA:0,(anonymous_3)
DA:4,13
DA:5,200
DA:6,200
DA:7,200
DA:8,39
DA:11,161
DA:12,161
DA:13,161
DA:15,160
DA:16,160
DA:17,0
DA:20,160
DA:21,160
DA:23,1
DA:24,0
DA:26,1
DA:30,13
DA:31,0
DA:32,0
DA:34,0
DA:35,0
DA:37,0
DA:38,0
DA:40,0
DA:41,0
DA:43,0
DA:46,13
DA:47,0
DA:48,0
DA:49,0
DA:50,0
DA:52,0
DA:53,0
DA:54,0
DA:56,0
LF:35
LH:16
BRDA:7,0,0,39
BRDA:7,0,1,161
BRDA:7,1,0,200
BRDA:7,1,1,162
BRDA:12,2,0,161
BRDA:12,2,1,161
BRDA:16,3,0,0
BRDA:16,3,1,160
BRDA:23,4,0,0
BRDA:23,4,1,1
BRDA:32,5,0,0
BRDA:32,5,1,0
BRDA:35,6,0,0
BRDA:35,6,1,0
BRDA:37,7,0,0
BRDA:37,7,1,0
BRDA:40,8,0,0
BRDA:40,8,1,0
BRDA:40,9,0,0
BRDA:40,9,1,0
BRDA:49,10,0,0
BRDA:49,10,1,0
BRDA:50,11,0,0
BRDA:50,11,1,0
BRDA:53,12,0,0
BRDA:53,12,1,0
BRDA:53,13,0,0
BRDA:53,13,1,0
BRDA:53,13,2,0
BRF:29
BRH:8
end_of_record
TN:
SF:src/middleware/error.middleware.js
FN:1,(anonymous_0)
FN:5,(anonymous_1)
FN:29,(anonymous_2)
FNF:3
FNH:3
FNDA:6,(anonymous_0)
FNDA:6,(anonymous_1)
FNDA:1,(anonymous_2)
DA:1,13
DA:2,6
DA:4,6
DA:5,6
DA:6,6
DA:9,0
DA:10,0
DA:13,0
DA:14,0
DA:15,0
DA:18,0
DA:19,0
DA:22,0
DA:23,0
DA:29,13
DA:30,1
LF:16
LH:7
BRDA:4,0,0,6
BRDA:4,0,1,0
BRDA:9,1,0,0
BRDA:9,1,1,0
BRDA:13,2,0,0
BRDA:13,2,1,0
BRDA:18,3,0,0
BRDA:18,3,1,0
BRDA:22,4,0,0
BRDA:22,4,1,0
BRDA:22,4,2,0
BRDA:25,5,0,0
BRDA:25,5,1,0
BRF:13
BRH:1
end_of_record
TN:
SF:src/models/ActivityLog.js
FNF:0
FNH:0
DA:3,13
DA:24,13
DA:25,13
LF:3
LH:3
BRF:0
BRH:0
end_of_record
TN:
SF:src/models/AutomationRule.js
FNF:0
FNH:0
DA:3,14
LF:1
LH:1
BRF:0
BRH:0
end_of_record
TN:
SF:src/models/DashboardConfig.js
FNF:0
FNH:0
DA:3,13
DA:10,13
DA:16,13
LF:3
LH:3
BRF:0
BRH:0
end_of_record
TN:
SF:src/models/Department.js
FNF:0
FNH:0
DA:3,14
LF:1
LH:1
BRF:0
BRH:0
end_of_record
TN:
SF:src/models/FormView.js
FN:30,(anonymous_0)
FNF:1
FNH:1
FNDA:5,(anonymous_0)
DA:4,13
DA:14,13
DA:30,13
DA:31,5
DA:32,5
LF:5
LH:5
BRDA:31,0,0,5
BRDA:31,0,1,0
BRF:2
BRH:1
end_of_record
TN:
SF:src/models/Goal.js
FNF:0
FNH:0
DA:3,13
LF:1
LH:1
BRF:0
BRH:0
end_of_record
TN:
SF:src/models/Invite.js
FNF:0
FNH:0
DA:3,13
DA:13,13
DA:14,13
LF:3
LH:3
BRF:0
BRH:0
end_of_record
TN:
SF:src/models/Notification.js
FNF:0
FNH:0
DA:3,14
DA:17,14
LF:2
LH:2
BRF:0
BRH:0
end_of_record
TN:
SF:src/models/OTP.js
FN:14,(anonymous_0)
FN:23,(anonymous_1)
FNF:2
FNH:0
FNDA:0,(anonymous_0)
FNDA:0,(anonymous_1)
DA:4,13
DA:11,13
DA:12,13
DA:14,13
DA:15,0
DA:16,0
DA:17,0
DA:18,0
DA:19,0
DA:20,0
DA:23,13
DA:24,0
DA:25,0
DA:26,0
DA:27,0
DA:28,0
DA:29,0
LF:17
LH:5
BRDA:26,0,0,0
BRDA:26,0,1,0
BRDA:27,1,0,0
BRDA:27,1,1,0
BRF:4
BRH:0
end_of_record
TN:
SF:src/models/Organization.js
FNF:0
FNH:0
DA:3,15
LF:1
LH:1
BRF:0
BRH:0
end_of_record
TN:
SF:src/models/PageView.js
FNF:0
FNH:0
DA:3,14
DA:20,14
DA:21,14
DA:22,14
DA:23,14
DA:24,14
LF:6
LH:6
BRF:0
BRH:0
end_of_record
TN:
SF:src/models/Project.js
FNF:0
FNH:0
DA:3,15
LF:1
LH:1
BRF:0
BRH:0
end_of_record
TN:
SF:src/models/Role.js
FNF:0
FNH:0
DA:3,14
DA:10,14
LF:2
LH:2
BRF:0
BRH:0
end_of_record
TN:
SF:src/models/Sprint.js
FNF:0
FNH:0
DA:3,14
DA:17,14
DA:18,14
LF:3
LH:3
BRF:0
BRH:0
end_of_record
TN:
SF:src/models/Suggestion.js
FNF:0
FNH:0
DA:3,13
LF:1
LH:1
BRF:0
BRH:0
end_of_record
TN:
SF:src/models/Task.js
FNF:0
FNH:0
DA:3,15
DA:72,15
DA:73,15
LF:3
LH:3
BRF:0
BRH:0
end_of_record
TN:
SF:src/models/TimeEntry.js
FN:17,(anonymous_0)
FNF:1
FNH:1
FNDA:7,(anonymous_0)
DA:3,14
DA:14,14
DA:15,14
DA:17,14
DA:18,7
DA:19,5
DA:21,7
LF:7
LH:7
BRDA:18,0,0,5
BRDA:18,0,1,2
BRDA:18,1,0,7
BRDA:18,1,1,6
BRF:4
BRH:4
end_of_record
TN:
SF:src/models/User.js
FN:42,(anonymous_0)
FN:48,(anonymous_1)
FN:52,(anonymous_2)
FNF:3
FNH:3
FNDA:93,(anonymous_0)
FNDA:6,(anonymous_1)
FNDA:96,(anonymous_2)
DA:4,15
DA:42,15
DA:43,93
DA:44,93
DA:45,93
DA:48,15
DA:49,6
DA:52,15
DA:53,96
DA:54,96
DA:55,96
LF:11
LH:11
BRDA:43,0,0,0
BRDA:43,0,1,93
BRF:2
BRH:1
end_of_record
TN:
SF:src/models/Webhook.js
FNF:0
FNH:0
DA:3,14
LF:1
LH:1
BRF:0
BRH:0
end_of_record
TN:
SF:src/routes/activityLog.routes.js
FNF:0
FNH:0
DA:5,13
DA:7,13
DA:9,13
LF:3
LH:3
BRF:0
BRH:0
end_of_record
TN:
SF:src/routes/ai.routes.js
FNF:0
FNH:0
DA:5,13
DA:6,13
DA:7,13
DA:9,13
DA:10,13
DA:11,13
DA:12,13
DA:13,13
LF:8
LH:8
BRF:0
BRH:0
end_of_record
TN:
SF:src/routes/analytics.routes.js
FN:9,cleanSessions
FN:16,checkKey
FN:25,getDevice
FN:33,(anonymous_3)
FN:54,(anonymous_4)
FN:152,(anonymous_5)
FN:153,(anonymous_6)
FN:154,(anonymous_7)
FN:155,(anonymous_8)
FN:158,(anonymous_9)
FN:169,(anonymous_10)
FN:178,(anonymous_11)
FN:185,(anonymous_12)
FNF:13
FNH:8
FNDA:3,cleanSessions
FNDA:5,checkKey
FNDA:12,getDevice
FNDA:14,(anonymous_3)
FNDA:5,(anonymous_4)
FNDA:7,(anonymous_5)
FNDA:0,(anonymous_6)
FNDA:1,(anonymous_7)
FNDA:0,(anonymous_8)
FNDA:3,(anonymous_9)
FNDA:0,(anonymous_10)
FNDA:0,(anonymous_11)
FNDA:0,(anonymous_12)
DA:4,13
DA:6,13
DA:7,13
DA:10,3
DA:11,3
DA:12,18
DA:17,5
DA:18,5
DA:19,2
DA:20,2
DA:22,3
DA:26,12
DA:27,0
DA:29,12
DA:33,13
DA:34,14
DA:35,14
DA:36,14
DA:38,13
DA:39,13
DA:41,12
DA:42,12
DA:44,12
DA:46,12
DA:47,12
DA:49,0
DA:54,13
DA:55,5
DA:57,3
DA:58,3
DA:59,3
DA:60,3
DA:62,3
DA:70,3
DA:140,3
DA:143,3
DA:145,3
DA:152,7
DA:153,0
DA:154,1
DA:155,0
DA:158,3
DA:169,13
DA:170,0
DA:172,0
DA:173,0
DA:174,0
DA:175,0
DA:176,0
DA:178,0
DA:179,0
DA:180,0
DA:183,0
DA:184,0
DA:185,0
LF:55
LH:39
BRDA:12,0,0,0
BRDA:12,0,1,18
BRDA:17,1,0,5
BRDA:17,1,1,1
BRDA:18,2,0,2
BRDA:18,2,1,3
BRDA:18,3,0,5
BRDA:18,3,1,5
BRDA:26,4,0,0
BRDA:26,4,1,12
BRDA:27,5,0,0
BRDA:27,5,1,0
BRDA:35,6,0,14
BRDA:35,6,1,13
BRDA:36,7,0,1
BRDA:36,7,1,13
BRDA:38,8,0,1
BRDA:38,9,0,11
BRDA:38,10,0,13
BRDA:38,11,0,12
BRDA:38,12,0,12
BRDA:39,13,0,1
BRDA:39,13,1,12
BRDA:39,14,0,13
BRDA:39,14,1,13
BRDA:41,15,0,12
BRDA:41,15,1,12
BRDA:41,15,2,0
BRDA:46,16,0,12
BRDA:46,16,1,12
BRDA:55,17,0,2
BRDA:55,17,1,3
BRDA:140,18,0,3
BRDA:140,18,1,0
BRDA:143,19,0,0
BRDA:143,19,1,3
BRDA:158,20,0,3
BRDA:158,20,1,0
BRDA:170,21,0,0
BRDA:170,21,1,0
BRF:40
BRH:30
end_of_record
TN:
SF:src/routes/auth.routes.js
FNF:0
FNH:0
DA:5,13
DA:6,13
DA:7,13
DA:8,13
DA:9,13
DA:10,13
DA:11,13
DA:12,13
DA:14,13
DA:15,13
DA:16,13
DA:18,13
DA:19,13
DA:20,13
LF:14
LH:14
BRF:0
BRH:0
end_of_record
TN:
SF:src/routes/automation.routes.js
FNF:0
FNH:0
DA:5,13
DA:6,13
DA:7,13
DA:8,13
DA:9,13
DA:10,13
DA:11,13
LF:7
LH:7
BRF:0
BRH:0
end_of_record
TN:
SF:src/routes/calendar.routes.js
FNF:0
FNH:0
DA:5,13
DA:6,13
DA:7,13
DA:8,13
LF:4
LH:4
BRF:0
BRH:0
end_of_record
TN:
SF:src/routes/contact.routes.js
FN:10,(anonymous_0)
FN:16,(anonymous_1)
FNF:2
FNH:0
FNDA:0,(anonymous_0)
FNDA:0,(anonymous_1)
DA:5,0
DA:7,0
DA:10,0
DA:14,0
DA:16,0
DA:17,0
DA:18,0
DA:20,0
DA:21,0
DA:23,0
DA:24,0
DA:26,0
DA:27,0
DA:29,0
DA:30,0
DA:33,0
DA:35,0
DA:37,0
DA:38,0
LF:19
LH:0
BRDA:20,0,0,0
BRDA:20,0,1,0
BRDA:20,1,0,0
BRDA:20,1,1,0
BRDA:20,1,2,0
BRDA:20,1,3,0
BRDA:23,2,0,0
BRDA:23,2,1,0
BRDA:26,3,0,0
BRDA:26,3,1,0
BRDA:29,4,0,0
BRDA:29,4,1,0
BRDA:29,5,0,0
BRDA:29,5,1,0
BRF:14
BRH:0
end_of_record
TN:
SF:src/routes/context.routes.js
FNF:0
FNH:0
DA:5,13
DA:6,13
DA:8,13
DA:9,13
DA:10,13
DA:11,13
DA:12,13
LF:7
LH:7
BRF:0
BRH:0
end_of_record
TN:
SF:src/routes/dashboard.routes.js
FNF:0
FNH:0
DA:5,13
DA:6,13
DA:8,13
DA:9,13
LF:4
LH:4
BRF:0
BRH:0
end_of_record
TN:
SF:src/routes/dashboardConfig.routes.js
FNF:0
FNH:0
DA:5,13
DA:6,13
DA:7,13
DA:8,13
DA:9,13
LF:5
LH:5
BRF:0
BRH:0
end_of_record
TN:
SF:src/routes/department.routes.js
FNF:0
FNH:0
DA:5,13
DA:6,13
DA:8,13
DA:9,13
DA:10,13
DA:11,13
LF:6
LH:6
BRF:0
BRH:0
end_of_record
TN:
SF:src/routes/formView.routes.js
FNF:0
FNH:0
DA:5,13
DA:7,13
DA:8,13
DA:10,13
DA:11,13
DA:12,13
DA:13,13
DA:14,13
LF:8
LH:8
BRF:0
BRH:0
end_of_record
TN:
SF:src/routes/gantt.routes.js
FNF:0
FNH:0
DA:5,13
DA:6,13
DA:7,13
DA:8,13
DA:9,13
LF:5
LH:5
BRF:0
BRH:0
end_of_record
TN:
SF:src/routes/integrations.routes.js
FN:11,(anonymous_0)
FN:18,(anonymous_1)
FN:36,(anonymous_2)
FN:45,(anonymous_3)
FN:58,(anonymous_4)
FNF:5
FNH:0
FNDA:0,(anonymous_0)
FNDA:0,(anonymous_1)
FNDA:0,(anonymous_2)
FNDA:0,(anonymous_3)
FNDA:0,(anonymous_4)
DA:7,13
DA:8,13
DA:11,13
DA:12,0
DA:13,0
DA:14,0
DA:18,13
DA:19,0
DA:20,0
DA:21,0
DA:22,0
DA:23,0
DA:24,0
DA:25,0
DA:26,0
DA:28,0
DA:29,0
DA:31,0
DA:36,13
DA:37,0
DA:38,0
DA:39,0
DA:40,0
DA:41,0
DA:42,0
DA:43,0
DA:44,0
DA:45,0
DA:46,0
DA:47,0
DA:48,0
DA:49,0
DA:51,0
DA:53,0
DA:58,13
DA:59,0
DA:60,0
DA:61,0
DA:62,0
DA:63,0
DA:65,0
LF:41
LH:6
BRDA:12,0,0,0
BRDA:12,0,1,0
BRDA:14,1,0,0
BRDA:14,1,1,0
BRDA:21,2,0,0
BRDA:21,2,1,0
BRDA:23,3,0,0
BRDA:23,3,1,0
BRDA:24,4,0,0
BRDA:24,4,1,0
BRDA:25,5,0,0
BRDA:25,5,1,0
BRDA:26,6,0,0
BRDA:26,6,1,0
BRDA:38,7,0,0
BRDA:38,7,1,0
BRDA:41,8,0,0
BRDA:41,8,1,0
BRDA:44,9,0,0
BRDA:44,9,1,0
BRDA:61,10,0,0
BRDA:61,10,1,0
BRF:22
BRH:0
end_of_record
TN:
SF:src/routes/myTasks.routes.js
FNF:0
FNH:0
DA:5,13
DA:7,13
DA:9,13
DA:10,13
LF:4
LH:4
BRF:0
BRH:0
end_of_record
TN:
SF:src/routes/notification.routes.js
FNF:0
FNH:0
DA:5,13
DA:6,13
DA:7,13
DA:8,13
DA:9,13
DA:10,13
LF:6
LH:6
BRF:0
BRH:0
end_of_record
TN:
SF:src/routes/portfolio.routes.js
FNF:0
FNH:0
DA:5,13
DA:7,13
DA:9,13
LF:3
LH:3
BRF:0
BRH:0
end_of_record
TN:
SF:src/routes/project.routes.js
FNF:0
FNH:0
DA:6,13
DA:7,13
DA:9,13
DA:10,13
DA:11,13
DA:12,13
DA:13,13
DA:14,13
DA:16,13
DA:17,13
DA:18,13
DA:19,13
DA:20,13
LF:13
LH:13
BRF:0
BRH:0
end_of_record
TN:
SF:src/routes/reports.routes.js
FNF:0
FNH:0
DA:5,13
DA:6,13
DA:7,13
DA:8,13
DA:9,13
LF:5
LH:5
BRF:0
BRH:0
end_of_record
TN:
SF:src/routes/search.routes.js
FNF:0
FNH:0
DA:5,13
DA:7,13
DA:9,13
LF:3
LH:3
BRF:0
BRH:0
end_of_record
TN:
SF:src/routes/sprint.routes.js
FNF:0
FNH:0
DA:14,13
DA:16,13
DA:18,13
DA:19,13
DA:20,13
DA:21,13
DA:22,13
DA:23,13
DA:24,13
DA:25,13
LF:10
LH:10
BRF:0
BRH:0
end_of_record
TN:
SF:src/routes/subscription.routes.js
FN:9,(anonymous_0)
FN:21,(anonymous_1)
FN:35,(anonymous_2)
FN:68,(anonymous_3)
FN:132,(anonymous_4)
FN:144,(anonymous_5)
FN:162,(anonymous_6)
FNF:7
FNH:0
FNDA:0,(anonymous_0)
FNDA:0,(anonymous_1)
FNDA:0,(anonymous_2)
FNDA:0,(anonymous_3)
FNDA:0,(anonymous_4)
FNDA:0,(anonymous_5)
FNDA:0,(anonymous_6)
DA:7,13
DA:9,13
DA:10,0
DA:11,0
DA:14,13
DA:21,13
DA:22,0
DA:35,13
DA:36,0
DA:37,0
DA:38,0
DA:39,0
DA:40,0
DA:42,0
DA:44,0
DA:61,0
DA:63,0
DA:68,13
DA:69,0
DA:70,0
DA:72,0
DA:73,0
DA:75,0
DA:78,0
DA:79,0
DA:80,0
DA:81,0
DA:82,0
DA:83,0
DA:84,0
DA:85,0
DA:97,0
DA:98,0
DA:99,0
DA:100,0
DA:101,0
DA:102,0
DA:109,0
DA:110,0
DA:111,0
DA:112,0
DA:113,0
DA:120,0
DA:121,0
DA:122,0
DA:123,0
DA:124,0
DA:125,0
DA:128,0
DA:132,13
DA:133,0
DA:134,0
DA:135,0
DA:136,0
DA:140,0
DA:144,13
DA:145,0
DA:146,0
DA:147,0
DA:148,0
DA:149,0
DA:150,0
DA:151,0
DA:162,13
DA:163,0
DA:164,0
DA:165,0
DA:166,0
DA:167,0
DA:168,0
DA:169,0
DA:173,0
DA:175,0
LF:73
LH:9
BRDA:10,0,0,0
BRDA:10,0,1,0
BRDA:38,1,0,0
BRDA:38,1,1,0
BRDA:39,2,0,0
BRDA:39,2,1,0
BRDA:42,3,0,0
BRDA:42,3,1,0
BRDA:58,4,0,0
BRDA:58,4,1,0
BRDA:59,5,0,0
BRDA:59,5,1,0
BRDA:78,6,0,0
BRDA:78,6,1,0
BRDA:81,7,0,0
BRDA:81,7,1,0
BRDA:82,8,0,0
BRDA:82,8,1,0
BRDA:97,9,0,0
BRDA:97,9,1,0
BRDA:100,10,0,0
BRDA:100,10,1,0
BRDA:100,11,0,0
BRDA:100,11,1,0
BRDA:109,12,0,0
BRDA:109,12,1,0
BRDA:112,13,0,0
BRDA:112,13,1,0
BRDA:120,14,0,0
BRDA:120,14,1,0
BRDA:124,15,0,0
BRDA:124,15,1,0
BRDA:133,16,0,0
BRDA:133,16,1,0
BRDA:135,17,0,0
BRDA:135,17,1,0
BRDA:145,18,0,0
BRDA:145,18,1,0
BRDA:147,19,0,0
BRDA:147,19,1,0
BRDA:149,20,0,0
BRDA:149,20,1,0
BRDA:149,20,2,0
BRDA:153,21,0,0
BRDA:153,21,1,0
BRDA:156,22,0,0
BRDA:156,22,1,0
BRDA:157,23,0,0
BRDA:157,23,1,0
BRDA:157,24,0,0
BRDA:157,24,1,0
BRDA:165,25,0,0
BRDA:165,25,1,0
BRDA:168,26,0,0
BRDA:168,26,1,0
BRDA:171,27,0,0
BRDA:171,27,1,0
BRF:57
BRH:0
end_of_record
TN:
SF:src/routes/task.routes.js
FNF:0
FNH:0
DA:5,13
DA:6,13
DA:8,13
DA:9,13
DA:10,13
DA:11,13
DA:12,13
DA:13,13
DA:14,13
DA:15,13
DA:16,13
DA:17,13
LF:12
LH:12
BRF:0
BRH:0
end_of_record
TN:
SF:src/routes/timeEntry.routes.js
FNF:0
FNH:0
DA:11,13
DA:13,13
DA:15,13
DA:16,13
DA:17,13
DA:18,13
DA:19,13
LF:7
LH:7
BRF:0
BRH:0
end_of_record
TN:
SF:src/routes/twoFactor.routes.js
FN:12,(anonymous_0)
FN:22,(anonymous_1)
FN:36,(anonymous_2)
FN:52,(anonymous_3)
FNF:4
FNH:0
FNDA:0,(anonymous_0)
FNDA:0,(anonymous_1)
FNDA:0,(anonymous_2)
FNDA:0,(anonymous_3)
DA:4,13
DA:5,13
DA:9,13
DA:10,13
DA:12,13
DA:22,13
DA:23,0
DA:24,0
DA:25,0
DA:26,0
DA:27,0
DA:28,0
DA:29,0
DA:31,0
DA:36,13
DA:37,0
DA:38,0
DA:39,0
DA:40,0
DA:41,0
DA:42,0
DA:43,0
DA:44,0
DA:45,0
DA:47,0
DA:52,13
DA:53,0
DA:54,0
DA:55,0
DA:56,0
DA:57,0
DA:58,0
DA:59,0
DA:60,0
DA:61,0
DA:63,0
LF:36
LH:8
BRDA:40,0,0,0
BRDA:40,0,1,0
BRDA:43,1,0,0
BRDA:43,1,1,0
BRDA:56,2,0,0
BRDA:56,2,1,0
BRDA:59,3,0,0
BRDA:59,3,1,0
BRF:8
BRH:0
end_of_record
TN:
SF:src/routes/user.routes.js
FNF:0
FNH:0
DA:5,13
DA:6,13
DA:8,13
DA:9,13
DA:10,13
DA:11,13
DA:12,13
LF:7
LH:7
BRF:0
BRH:0
end_of_record
TN:
SF:src/routes/webhook.routes.js
FNF:0
FNH:0
DA:5,13
DA:6,13
DA:7,13
DA:8,13
DA:9,13
DA:10,13
DA:11,13
DA:12,13
LF:8
LH:8
BRF:0
BRH:0
end_of_record
TN:
SF:src/routes/workload.routes.js
FNF:0
FNH:0
DA:5,13
DA:6,13
DA:7,13
DA:8,13
LF:4
LH:4
BRF:0
BRH:0
end_of_record
TN:
SF:src/services/automation.service.js
FN:5,evaluateRules
FN:22,matchesConditions
FN:29,executeAction
FNF:3
FNH:0
FNDA:0,evaluateRules
FNDA:0,matchesConditions
FNDA:0,executeAction
DA:6,0
DA:7,0
DA:8,0
DA:9,0
DA:10,0
DA:11,0
DA:13,0
DA:14,0
DA:15,0
DA:18,0
DA:23,0
DA:24,0
DA:25,0
DA:26,0
DA:30,0
DA:31,0
DA:33,0
DA:34,0
DA:43,0
DA:44,0
DA:47,0
DA:48,0
DA:53,0
DA:54,0
LF:24
LH:0
BRDA:9,0,0,0
BRDA:9,0,1,0
BRDA:14,1,0,0
BRDA:14,1,1,0
BRDA:23,2,0,0
BRDA:23,2,1,0
BRDA:23,3,0,0
BRDA:23,3,1,0
BRDA:24,4,0,0
BRDA:24,4,1,0
BRDA:24,5,0,0
BRDA:24,5,1,0
BRDA:24,5,2,0
BRDA:25,6,0,0
BRDA:25,6,1,0
BRDA:25,7,0,0
BRDA:25,7,1,0
BRDA:25,7,2,0
BRDA:33,8,0,0
BRDA:33,8,1,0
BRDA:33,9,0,0
BRDA:33,9,1,0
BRDA:33,9,2,0
BRDA:35,10,0,0
BRDA:35,10,1,0
BRDA:36,11,0,0
BRDA:36,11,1,0
BRDA:43,12,0,0
BRDA:43,12,1,0
BRDA:43,13,0,0
BRDA:43,13,1,0
BRDA:43,13,2,0
BRDA:47,14,0,0
BRDA:47,14,1,0
BRDA:47,15,0,0
BRDA:47,15,1,0
BRDA:47,15,2,0
BRDA:53,16,0,0
BRDA:53,16,1,0
BRDA:53,17,0,0
BRDA:53,17,1,0
BRDA:53,17,2,0
BRF:42
BRH:0
end_of_record
TN:
SF:src/services/criticalPath.service.js
FN:6,computeCriticalPath
FN:10,(anonymous_1)
FN:15,(anonymous_2)
FN:20,forwardPass
FN:25,(anonymous_4)
FN:26,(anonymous_5)
FN:29,(anonymous_6)
FN:32,(anonymous_7)
FN:36,backwardPass
FN:41,(anonymous_9)
FN:45,(anonymous_10)
FN:46,(anonymous_11)
FN:51,(anonymous_12)
FN:53,(anonymous_13)
FN:53,(anonymous_14)
FN:55,(anonymous_15)
FNF:16
FNH:0
FNDA:0,computeCriticalPath
FNDA:0,(anonymous_1)
FNDA:0,(anonymous_2)
FNDA:0,forwardPass
FNDA:0,(anonymous_4)
FNDA:0,(anonymous_5)
FNDA:0,(anonymous_6)
FNDA:0,(anonymous_7)
FNDA:0,backwardPass
FNDA:0,(anonymous_9)
FNDA:0,(anonymous_10)
FNDA:0,(anonymous_11)
FNDA:0,(anonymous_12)
FNDA:0,(anonymous_13)
FNDA:0,(anonymous_14)
FNDA:0,(anonymous_15)
DA:7,0
DA:9,0
DA:10,0
DA:11,0
DA:12,0
DA:13,0
DA:14,0
DA:15,0
DA:19,0
DA:21,0
DA:22,0
DA:23,0
DA:24,0
DA:25,0
DA:26,0
DA:27,0
DA:29,0
DA:32,0
DA:35,0
DA:37,0
DA:38,0
DA:39,0
DA:40,0
DA:41,0
DA:42,0
DA:43,0
DA:45,0
DA:46,0
DA:48,0
DA:49,0
DA:51,0
DA:53,0
DA:54,0
DA:55,0
DA:57,0
LF:35
LH:0
BRDA:7,0,0,0
BRDA:7,0,1,0
BRDA:7,1,0,0
BRDA:7,1,1,0
BRDA:12,2,0,0
BRDA:12,2,1,0
BRDA:13,3,0,0
BRDA:13,3,1,0
BRDA:15,4,0,0
BRDA:15,4,1,0
BRDA:21,5,0,0
BRDA:21,5,1,0
BRDA:24,6,0,0
BRDA:24,6,1,0
BRDA:26,7,0,0
BRDA:26,7,1,0
BRDA:26,8,0,0
BRDA:26,8,1,0
BRDA:37,9,0,0
BRDA:37,9,1,0
BRDA:40,10,0,0
BRDA:40,10,1,0
BRDA:42,11,0,0
BRDA:42,11,1,0
BRF:24
BRH:0
end_of_record
TN:
SF:src/services/email.service.js
FN:3,(anonymous_0)
FN:16,(anonymous_1)
FN:26,(anonymous_2)
FN:28,(anonymous_3)
FN:42,(anonymous_4)
FN:56,(anonymous_5)
FN:70,(anonymous_6)
FN:81,(anonymous_7)
FNF:8
FNH:0
FNDA:0,(anonymous_0)
FNDA:0,(anonymous_1)
FNDA:0,(anonymous_2)
FNDA:0,(anonymous_3)
FNDA:0,(anonymous_4)
FNDA:0,(anonymous_5)
FNDA:0,(anonymous_6)
FNDA:0,(anonymous_7)
DA:3,13
DA:4,0
DA:5,0
DA:13,13
DA:14,13
DA:16,13
DA:17,0
DA:18,0
DA:19,0
DA:20,0
DA:22,0
DA:26,13
DA:28,13
DA:29,0
DA:42,13
DA:43,0
DA:56,13
DA:57,0
DA:70,13
DA:71,0
DA:81,13
DA:82,0
LF:22
LH:10
BRDA:4,0,0,0
BRDA:4,0,1,0
BRDA:7,1,0,0
BRDA:7,1,1,0
BRDA:13,2,0,13
BRDA:13,2,1,13
BRDA:14,3,0,13
BRDA:14,3,1,13
BRDA:18,4,0,0
BRDA:18,4,1,0
BRDA:35,5,0,0
BRDA:35,5,1,0
BRF:12
BRH:4
end_of_record
TN:
SF:src/services/notification.service.js
FN:3,createNotification
FN:22,getUnreadCount
FNF:2
FNH:0
FNDA:0,createNotification
FNDA:0,getUnreadCount
DA:4,0
DA:5,0
DA:16,0
DA:18,0
DA:23,0
LF:5
LH:0
BRF:0
BRH:0
end_of_record
TN:
SF:src/services/overdue.service.js
FN:8,(anonymous_0)
FN:57,(anonymous_1)
FNF:2
FNH:0
FNDA:0,(anonymous_0)
FNDA:0,(anonymous_1)
DA:8,0
DA:9,0
DA:10,0
DA:11,0
DA:12,0
DA:13,0
DA:14,0
DA:17,0
DA:22,0
DA:23,0
DA:24,0
DA:25,0
DA:26,0
DA:27,0
DA:29,0
DA:30,0
DA:31,0
DA:37,0
DA:42,0
DA:43,0
DA:44,0
DA:45,0
DA:46,0
DA:47,0
DA:48,0
DA:53,0
DA:57,0
DA:59,0
DA:60,0
LF:29
LH:0
BRDA:24,0,0,0
BRDA:24,0,1,0
BRDA:26,1,0,0
BRDA:26,1,1,0
BRDA:26,2,0,0
BRDA:26,2,1,0
BRDA:27,3,0,0
BRDA:27,3,1,0
BRDA:29,4,0,0
BRDA:29,4,1,0
BRDA:30,5,0,0
BRDA:30,5,1,0
BRDA:31,6,0,0
BRDA:31,6,1,0
BRDA:31,7,0,0
BRDA:31,7,1,0
BRDA:44,8,0,0
BRDA:44,8,1,0
BRDA:46,9,0,0
BRDA:46,9,1,0
BRDA:47,10,0,0
BRDA:47,10,1,0
BRDA:48,11,0,0
BRDA:48,11,1,0
BRDA:48,12,0,0
BRDA:48,12,1,0
BRF:26
BRH:0
end_of_record
TN:
SF:src/services/recurring.service.js
FN:4,(anonymous_0)
FN:20,(anonymous_1)
FN:26,(anonymous_2)
FN:60,(anonymous_3)
FNF:4
FNH:0
FNDA:0,(anonymous_0)
FNDA:0,(anonymous_1)
FNDA:0,(anonymous_2)
FNDA:0,(anonymous_3)
DA:4,0
DA:5,0
DA:6,0
DA:7,0
DA:9,0
DA:10,0
DA:11,0
DA:13,0
DA:14,0
DA:15,0
DA:17,0
DA:20,0
DA:21,0
DA:22,0
DA:23,0
DA:24,0
DA:26,0
DA:27,0
DA:28,0
DA:29,0
DA:30,0
DA:31,0
DA:32,0
DA:35,0
DA:53,0
DA:56,0
DA:60,0
DA:62,0
DA:63,0
LF:29
LH:0
BRDA:6,0,0,0
BRDA:6,0,1,0
BRDA:6,1,0,0
BRDA:6,1,1,0
BRDA:7,2,0,0
BRDA:7,2,1,0
BRDA:13,3,0,0
BRDA:13,3,1,0
BRDA:14,4,0,0
BRDA:14,4,1,0
BRDA:15,5,0,0
BRDA:15,5,1,0
BRDA:24,6,0,0
BRDA:24,6,1,0
BRDA:26,7,0,0
BRDA:26,7,1,0
BRDA:29,8,0,0
BRDA:29,8,1,0
BRDA:30,9,0,0
BRDA:30,9,1,0
BRDA:31,10,0,0
BRDA:31,10,1,0
BRF:22
BRH:0
end_of_record
TN:
SF:src/services/slack.service.js
FN:6,(anonymous_0)
FN:8,(anonymous_1)
FN:14,(anonymous_2)
FN:24,(anonymous_3)
FN:36,(anonymous_4)
FN:46,(anonymous_5)
FN:56,(anonymous_6)
FNF:7
FNH:0
FNDA:0,(anonymous_0)
FNDA:0,(anonymous_1)
FNDA:0,(anonymous_2)
FNDA:0,(anonymous_3)
FNDA:0,(anonymous_4)
FNDA:0,(anonymous_5)
FNDA:0,(anonymous_6)
DA:4,13
DA:6,13
DA:7,0
DA:8,0
DA:9,0
DA:10,0
DA:11,0
DA:12,0
DA:13,0
DA:14,0
DA:15,0
DA:16,0
DA:18,0
DA:19,0
DA:24,13
DA:25,0
DA:36,13
DA:37,0
DA:46,13
DA:47,0
DA:56,13
DA:57,0
LF:22
LH:6
BRDA:7,0,0,0
BRDA:7,0,1,0
BRDA:12,1,0,0
BRDA:12,1,1,0
BRDA:30,2,0,0
BRDA:30,2,1,0
BRF:6
BRH:0
end_of_record
TN:
SF:src/services/webhook.service.js
FN:4,triggerWebhooks
FN:26,(anonymous_1)
FNF:2
FNH:0
FNDA:0,triggerWebhooks
FNDA:0,(anonymous_1)
DA:5,0
DA:6,0
DA:7,0
DA:8,0
DA:9,0
DA:12,0
DA:13,0
DA:14,0
DA:15,0
DA:24,0
DA:25,0
DA:26,0
DA:28,0
DA:30,0
DA:31,0
DA:32,0
DA:33,0
DA:36,0
LF:18
LH:0
BRDA:9,0,0,0
BRDA:9,0,1,0
BRDA:19,1,0,0
BRDA:19,1,1,0
BRDA:31,2,0,0
BRDA:31,2,1,0
BRF:6
BRH:0
end_of_record
TN:
SF:src/services/ai/assignment.service.js
FN:5,assignTeam
FN:11,(anonymous_1)
FN:15,(anonymous_2)
FN:19,(anonymous_3)
FN:57,getMockAssignments
FN:66,(anonymous_5)
FN:70,(anonymous_6)
FN:71,(anonymous_7)
FN:73,(anonymous_8)
FN:74,(anonymous_9)
FN:74,(anonymous_10)
FN:75,(anonymous_11)
FN:78,(anonymous_12)
FN:81,(anonymous_13)
FN:84,(anonymous_14)
FN:87,(anonymous_15)
FN:90,(anonymous_16)
FN:93,(anonymous_17)
FNF:18
FNH:0
FNDA:0,assignTeam
FNDA:0,(anonymous_1)
FNDA:0,(anonymous_2)
FNDA:0,(anonymous_3)
FNDA:0,getMockAssignments
FNDA:0,(anonymous_5)
FNDA:0,(anonymous_6)
FNDA:0,(anonymous_7)
FNDA:0,(anonymous_8)
FNDA:0,(anonymous_9)
FNDA:0,(anonymous_10)
FNDA:0,(anonymous_11)
FNDA:0,(anonymous_12)
FNDA:0,(anonymous_13)
FNDA:0,(anonymous_14)
FNDA:0,(anonymous_15)
FNDA:0,(anonymous_16)
FNDA:0,(anonymous_17)
DA:3,13
DA:6,0
DA:7,0
DA:8,0
DA:11,0
DA:15,0
DA:19,0
DA:27,0
DA:52,0
DA:53,0
DA:54,0
DA:58,0
DA:59,0
DA:60,0
DA:61,0
DA:62,0
DA:63,0
DA:64,0
DA:66,0
DA:67,0
DA:68,0
DA:70,0
DA:71,0
DA:72,0
DA:73,0
DA:74,0
DA:75,0
DA:78,0
DA:79,0
DA:81,0
DA:82,0
DA:84,0
DA:85,0
DA:87,0
DA:88,0
DA:90,0
DA:91,0
DA:93,0
DA:94,0
DA:96,0
DA:99,0
DA:100,0
DA:101,0
DA:102,0
DA:110,0
LF:45
LH:1
BRDA:6,0,0,0
BRDA:6,0,1,0
BRDA:6,1,0,0
BRDA:6,1,1,0
BRDA:7,2,0,0
BRDA:7,2,1,0
BRDA:15,3,0,0
BRDA:15,3,1,0
BRDA:16,4,0,0
BRDA:16,4,1,0
BRDA:22,5,0,0
BRDA:22,5,1,0
BRDA:54,6,0,0
BRDA:54,6,1,0
BRDA:68,7,0,0
BRDA:68,7,1,0
BRDA:71,8,0,0
BRDA:71,8,1,0
BRDA:72,9,0,0
BRDA:72,9,1,0
BRDA:73,10,0,0
BRDA:73,10,1,0
BRDA:74,11,0,0
BRDA:74,11,1,0
BRDA:75,12,0,0
BRDA:75,12,1,0
BRDA:78,13,0,0
BRDA:78,13,1,0
BRDA:78,14,0,0
BRDA:78,14,1,0
BRDA:79,15,0,0
BRDA:79,15,1,0
BRDA:81,16,0,0
BRDA:81,16,1,0
BRDA:81,17,0,0
BRDA:81,17,1,0
BRDA:82,18,0,0
BRDA:82,18,1,0
BRDA:84,19,0,0
BRDA:84,19,1,0
BRDA:85,20,0,0
BRDA:85,20,1,0
BRDA:87,21,0,0
BRDA:87,21,1,0
BRDA:87,22,0,0
BRDA:87,22,1,0
BRDA:88,23,0,0
BRDA:88,23,1,0
BRDA:90,24,0,0
BRDA:90,24,1,0
BRDA:90,25,0,0
BRDA:90,25,1,0
BRDA:91,26,0,0
BRDA:91,26,1,0
BRDA:93,27,0,0
BRDA:93,27,1,0
BRDA:93,28,0,0
BRDA:93,28,1,0
BRDA:93,28,2,0
BRDA:94,29,0,0
BRDA:94,29,1,0
BRDA:101,30,0,0
BRDA:101,30,1,0
BRF:63
BRH:0
end_of_record
TN:
SF:src/services/ai/index.js
FNF:0
FNH:0
LF:0
LH:0
BRF:0
BRH:0
end_of_record
TN:
SF:src/services/ai/planAnalysis.service.js
FN:5,analyzePlan
FN:50,getMockAnalysis
FNF:2
FNH:0
FNDA:0,analyzePlan
FNDA:0,getMockAnalysis
DA:3,13
DA:6,0
DA:7,0
DA:10,0
DA:45,0
DA:46,0
DA:47,0
DA:51,0
DA:52,0
DA:53,0
DA:54,0
DA:56,0
DA:58,0
LF:13
LH:1
BRDA:6,0,0,0
BRDA:6,0,1,0
BRDA:47,1,0,0
BRDA:47,1,1,0
BRDA:52,2,0,0
BRDA:52,2,1,0
BRDA:53,3,0,0
BRDA:53,3,1,0
BRDA:54,4,0,0
BRDA:54,4,1,0
BRDA:56,5,0,0
BRDA:56,5,1,0
BRDA:60,6,0,0
BRDA:60,6,1,0
BRDA:61,7,0,0
BRDA:61,7,1,0
BRDA:61,8,0,0
BRDA:61,8,1,0
BRF:18
BRH:0
end_of_record
TN:
SF:src/services/ai/standup.service.js
FN:5,generateStandup
FN:17,(anonymous_1)
FN:17,(anonymous_2)
FN:18,(anonymous_3)
FN:18,(anonymous_4)
FN:19,(anonymous_5)
FN:19,(anonymous_6)
FN:49,analyzePerformance
FN:56,(anonymous_8)
FN:57,(anonymous_9)
FN:57,(anonymous_10)
FN:58,(anonymous_11)
FN:59,(anonymous_12)
FN:93,generateReplan
FN:98,(anonymous_14)
FN:98,(anonymous_15)
FN:131,getTaskStats
FN:134,(anonymous_17)
FN:135,(anonymous_18)
FN:136,(anonymous_19)
FN:137,(anonymous_20)
FN:138,(anonymous_21)
FN:139,(anonymous_22)
FN:143,getMockStandup
FN:149,(anonymous_24)
FN:161,getMockPerformance
FN:166,(anonymous_26)
FN:174,getMockReplan
FN:180,(anonymous_28)
FN:180,(anonymous_29)
FNF:30
FNH:0
FNDA:0,generateStandup
FNDA:0,(anonymous_1)
FNDA:0,(anonymous_2)
FNDA:0,(anonymous_3)
FNDA:0,(anonymous_4)
FNDA:0,(anonymous_5)
FNDA:0,(anonymous_6)
FNDA:0,analyzePerformance
FNDA:0,(anonymous_8)
FNDA:0,(anonymous_9)
FNDA:0,(anonymous_10)
FNDA:0,(anonymous_11)
FNDA:0,(anonymous_12)
FNDA:0,generateReplan
FNDA:0,(anonymous_14)
FNDA:0,(anonymous_15)
FNDA:0,getTaskStats
FNDA:0,(anonymous_17)
FNDA:0,(anonymous_18)
FNDA:0,(anonymous_19)
FNDA:0,(anonymous_20)
FNDA:0,(anonymous_21)
FNDA:0,(anonymous_22)
FNDA:0,getMockStandup
FNDA:0,(anonymous_24)
FNDA:0,getMockPerformance
FNDA:0,(anonymous_26)
FNDA:0,getMockReplan
FNDA:0,(anonymous_28)
FNDA:0,(anonymous_29)
DA:3,13
DA:6,0
DA:8,0
DA:9,0
DA:12,0
DA:17,0
DA:18,0
DA:19,0
DA:22,0
DA:44,0
DA:45,0
DA:46,0
DA:50,0
DA:52,0
DA:53,0
DA:56,0
DA:57,0
DA:58,0
DA:59,0
DA:60,0
DA:63,0
DA:88,0
DA:89,0
DA:90,0
DA:94,0
DA:95,0
DA:98,0
DA:102,0
DA:126,0
DA:127,0
DA:128,0
DA:132,0
DA:134,0
DA:135,0
DA:136,0
DA:137,0
DA:138,0
DA:139,0
DA:144,0
DA:145,0
DA:149,0
DA:162,0
DA:166,0
DA:175,0
DA:176,0
DA:177,0
DA:180,0
LF:47
LH:1
BRDA:8,0,0,0
BRDA:8,0,1,0
BRDA:15,1,0,0
BRDA:15,1,1,0
BRDA:17,2,0,0
BRDA:17,2,1,0
BRDA:17,2,2,0
BRDA:46,3,0,0
BRDA:46,3,1,0
BRDA:52,4,0,0
BRDA:52,4,1,0
BRDA:59,5,0,0
BRDA:59,5,1,0
BRDA:59,5,2,0
BRDA:90,6,0,0
BRDA:90,6,1,0
BRDA:94,7,0,0
BRDA:94,7,1,0
BRDA:128,8,0,0
BRDA:128,8,1,0
BRDA:139,9,0,0
BRDA:139,9,1,0
BRDA:139,9,2,0
BRDA:144,10,0,0
BRDA:144,10,1,0
BRDA:144,11,0,0
BRDA:144,11,1,0
BRDA:147,12,0,0
BRDA:147,12,1,0
BRDA:150,13,0,0
BRDA:150,13,1,0
BRDA:151,14,0,0
BRDA:151,14,1,0
BRDA:167,15,0,0
BRDA:167,15,1,0
BRDA:169,16,0,0
BRDA:169,16,1,0
BRDA:169,17,0,0
BRDA:169,17,1,0
BRDA:175,18,0,0
BRDA:175,18,1,0
BRDA:182,19,0,0
BRDA:182,19,1,0
BRF:43
BRH:0
end_of_record
TN:
SF:src/services/ai/taskGeneration.service.js
FN:5,generateTasks
FN:39,getMockTasks
FNF:2
FNH:0
FNDA:0,generateTasks
FNDA:0,getMockTasks
DA:3,13
DA:6,0
DA:7,0
DA:10,0
DA:29,0
DA:30,0
DA:31,0
DA:32,0
DA:34,0
DA:35,0
DA:40,0
LF:11
LH:1
BRDA:6,0,0,0
BRDA:6,0,1,0
BRDA:32,1,0,0
BRDA:32,1,1,0
BRF:4
BRH:0
end_of_record
TN:
SF:src/services/ai/timeline.service.js
FN:3,generateTimeline
FNF:1
FNH:0
FNDA:0,generateTimeline
DA:4,0
DA:5,0
DA:6,0
DA:8,0
DA:9,0
DA:15,0
DA:17,0
DA:18,0
DA:19,0
DA:21,0
DA:22,0
DA:23,0
DA:25,0
DA:26,0
DA:27,0
DA:31,0
DA:33,0
DA:34,0
DA:35,0
DA:36,0
DA:37,0
DA:38,0
DA:41,0
DA:48,0
DA:51,0
LF:25
LH:0
BRDA:4,0,0,0
BRDA:4,0,1,0
BRDA:8,1,0,0
BRDA:8,1,1,0
BRDA:9,2,0,0
BRDA:9,2,1,0
BRDA:11,3,0,0
BRDA:11,3,1,0
BRDA:18,4,0,0
BRDA:18,4,1,0
BRDA:21,5,0,0
BRDA:21,5,1,0
BRDA:22,6,0,0
BRDA:22,6,1,0
BRDA:23,7,0,0
BRDA:23,7,1,0
BRDA:26,8,0,0
BRDA:26,8,1,0
BRDA:38,9,0,0
BRDA:38,9,1,0
BRDA:44,10,0,0
BRDA:44,10,1,0
BRF:22
BRH:0
end_of_record
TN:
SF:src/utils/dateUtils.js
FN:1,addDays
FN:7,addHours
FN:11,isWeekend
FN:16,workingDaysBetween
FNF:4
FNH:0
FNDA:0,addDays
FNDA:0,addHours
FNDA:0,isWeekend
FNDA:0,workingDaysBetween
DA:2,0
DA:3,0
DA:4,0
DA:8,0
DA:12,0
DA:13,0
DA:17,0
DA:18,0
DA:19,0
DA:20,0
DA:21,0
DA:22,0
DA:23,0
DA:25,0
LF:14
LH:0
BRDA:13,0,0,0
BRDA:13,0,1,0
BRDA:22,1,0,0
BRDA:22,1,1,0
BRF:4
BRH:0
end_of_record
TN:
SF:src/utils/email.js
FN:3,(anonymous_0)
FN:13,(anonymous_1)
FN:53,(anonymous_2)
FNF:3
FNH:0
FNDA:0,(anonymous_0)
FNDA:0,(anonymous_1)
FNDA:0,(anonymous_2)
DA:3,13
DA:4,0
DA:5,0
DA:13,13
DA:14,0
DA:15,0
DA:16,0
DA:17,0
DA:18,0
DA:19,0
DA:22,0
DA:40,0
DA:53,13
DA:54,0
DA:55,0
DA:56,0
DA:57,0
DA:59,0
LF:18
LH:3
BRDA:4,0,0,0
BRDA:4,0,1,0
BRDA:4,1,0,0
BRDA:4,1,1,0
BRDA:6,2,0,0
BRDA:6,2,1,0
BRDA:7,3,0,0
BRDA:7,3,1,0
BRDA:16,4,0,0
BRDA:16,4,1,0
BRDA:17,5,0,0
BRDA:17,5,1,0
BRDA:24,6,0,0
BRDA:24,6,1,0
BRDA:55,7,0,0
BRDA:55,7,1,0
BRF:16
BRH:0
end_of_record
